{"logTime": "1231/021718", "correlationVector":"m8v83q7ZFRrN57dmC44Xao.173","action":"GetUpdates", "result":"DeleteReceived", "context":{"id":"0bf177b4-b1ee-4384-8f97-af619b8019e3", "isDeleted:":"true", "version":"1700695226581"}}
{"logTime": "1231/021718", "correlationVector":"m8v83q7ZFRrN57dmC44Xao.174","action":"GetUpdates", "result":"DeleteReceived", "context":{"id":"d53c911b-3879-4db4-98e2-6df2e150ab47", "isDeleted:":"true", "version":"1700789321937"}}
{"logTime": "1231/021718", "correlationVector":"m8v83q7ZFRrN57dmC44Xao.175","action":"GetUpdates", "result":"DeleteReceived", "context":{"id":"2ebd52e4-53e4-424d-b13c-4cee4d9086ef", "isDeleted:":"true", "version":"1700789321938"}}
{"logTime": "1231/021718", "correlationVector":"m8v83q7ZFRrN57dmC44Xao.176","action":"GetUpdates", "result":"DeleteReceived", "context":{"id":"00304ce3-8546-4ef2-8206-6429f02300df", "isDeleted:":"true", "version":"1700789321939"}}
{"logTime": "1231/021718", "correlationVector":"m8v83q7ZFRrN57dmC44Xao.177","action":"GetUpdates", "result":"DeleteReceived", "context":{"id":"22690529-6c64-425c-a7e8-d08cfc1e0f3e", "isDeleted:":"true", "version":"1700789321940"}}
{"logTime": "1231/021718", "correlationVector":"m8v83q7ZFRrN57dmC44Xao.178","action":"GetUpdates Response", "result":"SERVER_MORE_TO_DOWNLOAD", "context":Received 250 update(s).  Some updates remain.}
{"logTime": "1231/021718", "correlationVector":"5qYU/GNsM44T1mRoNhdwaC","action":"Initial GetUpdates", "result":"", "context":Reason: NEWLY_SUPPORTED_DATATYPE. cV=5qYU/GNsM44T1mRoNhdwaC}
{"logTime": "1231/021718", "correlationVector":"5qYU/GNsM44T1mRoNhdwaC.1","action":"SyncServerConnectionManagerRequest", "result":"SYNC_SERVER_OK", "context":{"environment":"Prod_EastUS2_000e", "migrationStage":"NotStarted", "server":"GENERAL0100001B"}}
{"logTime": "1231/021718", "correlationVector":"5qYU/GNsM44T1mRoNhdwaC.2","action":"GetUpdates", "result":"DeleteReceived", "context":{"id":"787841ef-6524-4e95-9f4c-c1daa76eea5f", "isDeleted:":"true", "version":"1700789321944"}}
{"logTime": "1231/021718", "correlationVector":"5qYU/GNsM44T1mRoNhdwaC.3","action":"GetUpdates", "result":"DeleteReceived", "context":{"id":"f2f7e0fb-7f1e-4516-bf98-f896208d26f3", "isDeleted:":"true", "version":"1700789323776"}}
{"logTime": "1231/021718", "correlationVector":"5qYU/GNsM44T1mRoNhdwaC.4","action":"GetUpdates", "result":"DeleteReceived", "context":{"id":"6f1e02ad-0977-4862-be48-23fee052cc17", "isDeleted:":"true", "version":"1700789323777"}}
{"logTime": "1231/021718", "correlationVector":"5qYU/GNsM44T1mRoNhdwaC.5","action":"GetUpdates", "result":"DeleteReceived", "context":{"id":"cc193a28-40d7-4e9f-afbe-309ae9dbe365", "isDeleted:":"true", "version":"1700789679028"}}
{"logTime": "1231/021718", "correlationVector":"5qYU/GNsM44T1mRoNhdwaC.6","action":"GetUpdates", "result":"DeleteReceived", "context":{"id":"4a7da4c5-1207-4079-970d-d767add8129c", "isDeleted:":"true", "version":"1700789679030"}}
{"logTime": "1231/021718", "correlationVector":"5qYU/GNsM44T1mRoNhdwaC.7","action":"GetUpdates", "result":"DeleteReceived", "context":{"id":"c1d2e909-7ea1-4611-ab61-5bedc5c7a0cb", "isDeleted:":"true", "version":"1700828561466"}}
{"logTime": "1231/021718", "correlationVector":"5qYU/GNsM44T1mRoNhdwaC.8","action":"GetUpdates", "result":"DeleteReceived", "context":{"id":"02457e52-1273-4e34-b0de-df60555b09c1", "isDeleted:":"true", "version":"1700828561472"}}
{"logTime": "1231/021718", "correlationVector":"5qYU/GNsM44T1mRoNhdwaC.9","action":"GetUpdates", "result":"DeleteReceived", "context":{"id":"59a32f67-c9ae-4245-a9a7-d191a969c526", "isDeleted:":"true", "version":"1700868954813"}}
{"logTime": "1231/021718", "correlationVector":"5qYU/GNsM44T1mRoNhdwaC.10","action":"GetUpdates", "result":"DeleteReceived", "context":{"id":"d56e147b-5324-4950-b30d-568d27833ad6", "isDeleted:":"true", "version":"1700869660876"}}
{"logTime": "1231/021718", "correlationVector":"5qYU/GNsM44T1mRoNhdwaC.11","action":"GetUpdates", "result":"DeleteReceived", "context":{"id":"a6667899-ec0d-4ba6-96db-61bc264708a8", "isDeleted:":"true", "version":"1700870340902"}}
{"logTime": "1231/021718", "correlationVector":"5qYU/GNsM44T1mRoNhdwaC.12","action":"GetUpdates", "result":"DeleteReceived", "context":{"id":"eda2ae48-4a5d-4fda-ba56-0670b9b280e4", "isDeleted:":"true", "version":"1701171515062"}}
{"logTime": "1231/021718", "correlationVector":"5qYU/GNsM44T1mRoNhdwaC.13","action":"GetUpdates", "result":"DeleteReceived", "context":{"id":"5543c6c5-27d7-4819-9e8d-c5e159438f6c", "isDeleted:":"true", "version":"1701171560097"}}
{"logTime": "1231/021718", "correlationVector":"5qYU/GNsM44T1mRoNhdwaC.14","action":"GetUpdates", "result":"DeleteReceived", "context":{"id":"9495c8f8-a180-4f85-908a-672ab175d04e", "isDeleted:":"true", "version":"1701171560101"}}
{"logTime": "1231/021718", "correlationVector":"5qYU/GNsM44T1mRoNhdwaC.15","action":"GetUpdates", "result":"DeleteReceived", "context":{"id":"19f8f522-cffb-45a3-a497-b46ac853dd5c", "isDeleted:":"true", "version":"1701171929333"}}
{"logTime": "1231/021718", "correlationVector":"5qYU/GNsM44T1mRoNhdwaC.16","action":"GetUpdates", "result":"DeleteReceived", "context":{"id":"3f8e8dee-1301-4ab2-b4dd-1031e1419491", "isDeleted:":"true", "version":"1701171969692"}}
{"logTime": "1231/021718", "correlationVector":"5qYU/GNsM44T1mRoNhdwaC.17","action":"GetUpdates", "result":"DeleteReceived", "context":{"id":"b149719b-02f6-4331-9083-8d7aa6de5d0f", "isDeleted:":"true", "version":"1701172212214"}}
{"logTime": "1231/021718", "correlationVector":"5qYU/GNsM44T1mRoNhdwaC.18","action":"GetUpdates", "result":"DeleteReceived", "context":{"id":"7cd91379-e24d-492e-a0dc-f6a127bd2ebc", "isDeleted:":"true", "version":"1701172212216"}}
{"logTime": "1231/021718", "correlationVector":"5qYU/GNsM44T1mRoNhdwaC.19","action":"GetUpdates", "result":"DeleteReceived", "context":{"id":"29f790c6-848a-4556-910c-c7713d62c543", "isDeleted:":"true", "version":"1701172212217"}}
{"logTime": "1231/021718", "correlationVector":"5qYU/GNsM44T1mRoNhdwaC.20","action":"GetUpdates", "result":"DeleteReceived", "context":{"id":"079d273a-d896-4030-8f8f-f9bf9187c82a", "isDeleted:":"true", "version":"1701176510637"}}
{"logTime": "1231/021718", "correlationVector":"5qYU/GNsM44T1mRoNhdwaC.21","action":"GetUpdates", "result":"DeleteReceived", "context":{"id":"e6a2711a-ddfc-44c3-81e1-ff2d801fc7cd", "isDeleted:":"true", "version":"1701176510643"}}
{"logTime": "1231/021718", "correlationVector":"5qYU/GNsM44T1mRoNhdwaC.22","action":"GetUpdates", "result":"DeleteReceived", "context":{"id":"37f23086-76aa-4ee2-a731-8d6e9d6106ae", "isDeleted:":"true", "version":"1701178731719"}}
{"logTime": "1231/021718", "correlationVector":"5qYU/GNsM44T1mRoNhdwaC.23","action":"GetUpdates", "result":"DeleteReceived", "context":{"id":"8c491fbc-e2ff-4f7c-82f3-64c5af1632c5", "isDeleted:":"true", "version":"1701179079041"}}
{"logTime": "1231/021718", "correlationVector":"5qYU/GNsM44T1mRoNhdwaC.24","action":"GetUpdates", "result":"DeleteReceived", "context":{"id":"4592cfc3-d617-4757-97c9-ce6259546207", "isDeleted:":"true", "version":"1701225678183"}}
{"logTime": "1231/021718", "correlationVector":"5qYU/GNsM44T1mRoNhdwaC.25","action":"GetUpdates", "result":"DeleteReceived", "context":{"id":"9b14b0ee-3ce4-43a6-8279-e7c998b53677", "isDeleted:":"true", "version":"1701226287022"}}
{"logTime": "1231/021718", "correlationVector":"5qYU/GNsM44T1mRoNhdwaC.26","action":"GetUpdates", "result":"DeleteReceived", "context":{"id":"c6d7aaa8-4ca8-451b-baa0-5be360daa986", "isDeleted:":"true", "version":"1701227721326"}}
{"logTime": "1231/021718", "correlationVector":"5qYU/GNsM44T1mRoNhdwaC.27","action":"GetUpdates", "result":"DeleteReceived", "context":{"id":"1ae2a909-7425-43bc-9083-25cf00a4fcfc", "isDeleted:":"true", "version":"1701227763723"}}
{"logTime": "1231/021718", "correlationVector":"5qYU/GNsM44T1mRoNhdwaC.28","action":"GetUpdates", "result":"DeleteReceived", "context":{"id":"783776a2-edb3-4ac9-aa42-84f6f585758a", "isDeleted:":"true", "version":"1701227763726"}}
{"logTime": "1231/021718", "correlationVector":"5qYU/GNsM44T1mRoNhdwaC.29","action":"GetUpdates", "result":"DeleteReceived", "context":{"id":"77920e44-6805-4289-ae8e-af99404f11d1", "isDeleted:":"true", "version":"1701227763727"}}
{"logTime": "1231/021718", "correlationVector":"5qYU/GNsM44T1mRoNhdwaC.30","action":"GetUpdates", "result":"DeleteReceived", "context":{"id":"84bbac6a-820f-4c74-b641-4e443d92e92d", "isDeleted:":"true", "version":"1701343952625"}}
{"logTime": "1231/021718", "correlationVector":"5qYU/GNsM44T1mRoNhdwaC.31","action":"GetUpdates", "result":"DeleteReceived", "context":{"id":"14ce31ad-3f6e-4287-8ec7-c255ac9a88bc", "isDeleted:":"true", "version":"1701344928567"}}
{"logTime": "1231/021718", "correlationVector":"5qYU/GNsM44T1mRoNhdwaC.32","action":"GetUpdates", "result":"DeleteReceived", "context":{"id":"74596acc-592a-4e75-9cd7-7690f24c9411", "isDeleted:":"true", "version":"1701432255844"}}
{"logTime": "1231/021718", "correlationVector":"5qYU/GNsM44T1mRoNhdwaC.33","action":"GetUpdates", "result":"DeleteReceived", "context":{"id":"b1ffd627-69f4-4acc-9992-3f49cc01dee1", "isDeleted:":"true", "version":"1701432670916"}}
{"logTime": "1231/021718", "correlationVector":"5qYU/GNsM44T1mRoNhdwaC.34","action":"GetUpdates", "result":"DeleteReceived", "context":{"id":"e4b3ef31-a7be-4147-bfec-0d84bef86b4b", "isDeleted:":"true", "version":"1701434988264"}}
{"logTime": "1231/021718", "correlationVector":"5qYU/GNsM44T1mRoNhdwaC.35","action":"GetUpdates", "result":"DeleteReceived", "context":{"id":"25114592-4c4a-4b3c-9817-5a2507354171", "isDeleted:":"true", "version":"1701434988266"}}
{"logTime": "1231/021718", "correlationVector":"5qYU/GNsM44T1mRoNhdwaC.36","action":"GetUpdates", "result":"DeleteReceived", "context":{"id":"5b42b2ba-7baf-4af0-b17f-3c2c2be1285a", "isDeleted:":"true", "version":"1701434988267"}}
{"logTime": "1231/021718", "correlationVector":"5qYU/GNsM44T1mRoNhdwaC.37","action":"GetUpdates", "result":"DeleteReceived", "context":{"id":"5118aa1d-ab92-4518-b798-ed0b8434b2a2", "isDeleted:":"true", "version":"1701434988268"}}
{"logTime": "1231/021718", "correlationVector":"5qYU/GNsM44T1mRoNhdwaC.38","action":"GetUpdates", "result":"DeleteReceived", "context":{"id":"8ae8ffb9-c2c2-48b0-b81e-db75589291d8", "isDeleted:":"true", "version":"1701542283551"}}
{"logTime": "1231/021718", "correlationVector":"5qYU/GNsM44T1mRoNhdwaC.39","action":"GetUpdates", "result":"DeleteReceived", "context":{"id":"2cd39be1-7196-47d9-9b8c-ff0c4b32043d", "isDeleted:":"true", "version":"1701542283555"}}
{"logTime": "1231/021718", "correlationVector":"5qYU/GNsM44T1mRoNhdwaC.40","action":"GetUpdates", "result":"DeleteReceived", "context":{"id":"c5ec0e10-cdcc-4596-8dbf-3c5fd4a93317", "isDeleted:":"true", "version":"1701542283556"}}
{"logTime": "1231/021718", "correlationVector":"5qYU/GNsM44T1mRoNhdwaC.41","action":"GetUpdates", "result":"DeleteReceived", "context":{"id":"4d22ddc6-02d9-4bc1-a441-d3d1d4c3247f", "isDeleted:":"true", "version":"1701542379382"}}
{"logTime": "1231/021718", "correlationVector":"5qYU/GNsM44T1mRoNhdwaC.42","action":"GetUpdates", "result":"DeleteReceived", "context":{"id":"ab7f4b79-8d42-4db8-9d99-d50894337bf0", "isDeleted:":"true", "version":"1701542379383"}}
{"logTime": "1231/021718", "correlationVector":"5qYU/GNsM44T1mRoNhdwaC.43","action":"GetUpdates", "result":"DeleteReceived", "context":{"id":"e49f65cf-6faa-4987-9f9f-8feff85b9960", "isDeleted:":"true", "version":"1701542379384"}}
{"logTime": "1231/021718", "correlationVector":"5qYU/GNsM44T1mRoNhdwaC.44","action":"GetUpdates", "result":"DeleteReceived", "context":{"id":"5890168e-a2d9-400d-97fd-e856305e8f00", "isDeleted:":"true", "version":"1701542379385"}}
{"logTime": "1231/021718", "correlationVector":"5qYU/GNsM44T1mRoNhdwaC.45","action":"GetUpdates", "result":"DeleteReceived", "context":{"id":"03e6485c-9e5b-43cb-b2f8-b43723b76d1f", "isDeleted:":"true", "version":"1701615168562"}}
{"logTime": "1231/021718", "correlationVector":"5qYU/GNsM44T1mRoNhdwaC.46","action":"GetUpdates", "result":"DeleteReceived", "context":{"id":"7de97206-e2f2-4d8b-be57-a0ab5dc78837", "isDeleted:":"true", "version":"1701739288281"}}
{"logTime": "1231/021718", "correlationVector":"5qYU/GNsM44T1mRoNhdwaC.47","action":"GetUpdates", "result":"DeleteReceived", "context":{"id":"2008b8e7-5425-4a4d-8438-08f9c515e0c0", "isDeleted:":"true", "version":"1701739320591"}}
{"logTime": "1231/021718", "correlationVector":"5qYU/GNsM44T1mRoNhdwaC.48","action":"GetUpdates", "result":"DeleteReceived", "context":{"id":"237337ab-b2e4-4ba0-9284-37e3ab639733", "isDeleted:":"true", "version":"1701823935258"}}
{"logTime": "1231/021718", "correlationVector":"5qYU/GNsM44T1mRoNhdwaC.49","action":"GetUpdates", "result":"DeleteReceived", "context":{"id":"f9813808-5b77-49f0-83f0-64261c009f59", "isDeleted:":"true", "version":"1701823935260"}}
{"logTime": "1231/021718", "correlationVector":"5qYU/GNsM44T1mRoNhdwaC.50","action":"GetUpdates", "result":"DeleteReceived", "context":{"id":"7d5a75e0-c0ed-41a9-a195-5c23bafaabf9", "isDeleted:":"true", "version":"1701871813260"}}
{"logTime": "1231/021718", "correlationVector":"5qYU/GNsM44T1mRoNhdwaC.51","action":"GetUpdates", "result":"DeleteReceived", "context":{"id":"da1b2a8e-3859-43f3-a20b-176bd45ec486", "isDeleted:":"true", "version":"1701875497972"}}
{"logTime": "1231/021718", "correlationVector":"5qYU/GNsM44T1mRoNhdwaC.52","action":"GetUpdates", "result":"DeleteReceived", "context":{"id":"4eebdc64-ef2f-4c0e-9e32-06eacf840569", "isDeleted:":"true", "version":"1701902931858"}}
{"logTime": "1231/021718", "correlationVector":"5qYU/GNsM44T1mRoNhdwaC.53","action":"GetUpdates", "result":"DeleteReceived", "context":{"id":"cbc94265-7a19-4e65-a274-d5f5567810dc", "isDeleted:":"true", "version":"1701911546261"}}
{"logTime": "1231/021718", "correlationVector":"5qYU/GNsM44T1mRoNhdwaC.54","action":"GetUpdates", "result":"DeleteReceived", "context":{"id":"34aef8e7-30bc-4cf5-b220-d2115f25d5de", "isDeleted:":"true", "version":"1701914665933"}}
{"logTime": "1231/021718", "correlationVector":"5qYU/GNsM44T1mRoNhdwaC.55","action":"GetUpdates", "result":"DeleteReceived", "context":{"id":"fe3a1fd2-b967-425c-a1e8-6482815792cc", "isDeleted:":"true", "version":"1701917289012"}}
{"logTime": "1231/021718", "correlationVector":"5qYU/GNsM44T1mRoNhdwaC.56","action":"GetUpdates", "result":"DeleteReceived", "context":{"id":"58db1164-7ffa-4671-89f2-5f56fc565787", "isDeleted:":"true", "version":"1701917289014"}}
{"logTime": "1231/021718", "correlationVector":"5qYU/GNsM44T1mRoNhdwaC.57","action":"GetUpdates", "result":"DeleteReceived", "context":{"id":"de95378c-aad2-49cb-aa95-59ae9294a29e", "isDeleted:":"true", "version":"1701917289017"}}
{"logTime": "1231/021718", "correlationVector":"5qYU/GNsM44T1mRoNhdwaC.58","action":"GetUpdates", "result":"DeleteReceived", "context":{"id":"f05ee2a5-8110-4f33-9c7b-bbe7167cdc40", "isDeleted:":"true", "version":"1702083448928"}}
{"logTime": "1231/021718", "correlationVector":"5qYU/GNsM44T1mRoNhdwaC.59","action":"GetUpdates", "result":"DeleteReceived", "context":{"id":"6cd93516-78eb-4026-bd56-01d2557c03cd", "isDeleted:":"true", "version":"1702084343002"}}
{"logTime": "1231/021718", "correlationVector":"5qYU/GNsM44T1mRoNhdwaC.60","action":"GetUpdates", "result":"DeleteReceived", "context":{"id":"f8e3cbda-977b-4b9c-af50-a9fdde173eed", "isDeleted:":"true", "version":"1702084343003"}}
{"logTime": "1231/021718", "correlationVector":"5qYU/GNsM44T1mRoNhdwaC.61","action":"GetUpdates", "result":"DeleteReceived", "context":{"id":"154dd0fa-a9ca-43d6-825b-36f5aa65c138", "isDeleted:":"true", "version":"1702084343004"}}
{"logTime": "1231/021718", "correlationVector":"5qYU/GNsM44T1mRoNhdwaC.62","action":"GetUpdates", "result":"DeleteReceived", "context":{"id":"ce47a524-d9e2-4ad2-a8b9-c9bf19e6da02", "isDeleted:":"true", "version":"1702084343005"}}
{"logTime": "1231/021718", "correlationVector":"5qYU/GNsM44T1mRoNhdwaC.63","action":"GetUpdates", "result":"DeleteReceived", "context":{"id":"0a40fb7d-1213-4c95-aa6f-d36cdbd843bb", "isDeleted:":"true", "version":"1702084343006"}}
{"logTime": "1231/021718", "correlationVector":"5qYU/GNsM44T1mRoNhdwaC.64","action":"GetUpdates", "result":"DeleteReceived", "context":{"id":"de560dab-dfe9-4f2f-8e60-4556b2a378b8", "isDeleted:":"true", "version":"1702084343007"}}
{"logTime": "1231/021718", "correlationVector":"5qYU/GNsM44T1mRoNhdwaC.65","action":"GetUpdates", "result":"DeleteReceived", "context":{"id":"c30214e7-b3d8-40fc-b554-fe03d94b35cf", "isDeleted:":"true", "version":"1702084343009"}}
{"logTime": "1231/021718", "correlationVector":"5qYU/GNsM44T1mRoNhdwaC.66","action":"GetUpdates", "result":"DeleteReceived", "context":{"id":"f2ee7198-d8bc-423a-b8b5-b9045a11a8e9", "isDeleted:":"true", "version":"1702084343010"}}
{"logTime": "1231/021718", "correlationVector":"5qYU/GNsM44T1mRoNhdwaC.67","action":"GetUpdates", "result":"DeleteReceived", "context":{"id":"28fcf102-f8b4-40c6-9cde-e39bca3f8047", "isDeleted:":"true", "version":"1702084343011"}}
{"logTime": "1231/021718", "correlationVector":"5qYU/GNsM44T1mRoNhdwaC.68","action":"GetUpdates", "result":"DeleteReceived", "context":{"id":"7dc95c30-9db6-47c4-b701-e2a5c0477b03", "isDeleted:":"true", "version":"1702084344178"}}
{"logTime": "1231/021718", "correlationVector":"5qYU/GNsM44T1mRoNhdwaC.69","action":"GetUpdates", "result":"DeleteReceived", "context":{"id":"9eead668-d0b9-43b6-93e8-4e4e8257d7a4", "isDeleted:":"true", "version":"1702085184424"}}
{"logTime": "1231/021718", "correlationVector":"5qYU/GNsM44T1mRoNhdwaC.70","action":"GetUpdates", "result":"DeleteReceived", "context":{"id":"11b454f1-fb7a-4ba4-959f-d0a9f68cedeb", "isDeleted:":"true", "version":"1702085184426"}}
{"logTime": "1231/021718", "correlationVector":"5qYU/GNsM44T1mRoNhdwaC.71","action":"GetUpdates", "result":"DeleteReceived", "context":{"id":"f823dec4-8fa5-4c94-9bfa-0b5421a57f7b", "isDeleted:":"true", "version":"1702087596064"}}
{"logTime": "1231/021718", "correlationVector":"5qYU/GNsM44T1mRoNhdwaC.72","action":"GetUpdates", "result":"DeleteReceived", "context":{"id":"c054e167-95ab-4066-92eb-eecedf33a51b", "isDeleted:":"true", "version":"1702088729814"}}
{"logTime": "1231/021718", "correlationVector":"5qYU/GNsM44T1mRoNhdwaC.73","action":"GetUpdates", "result":"DeleteReceived", "context":{"id":"2f13deaf-d694-4f78-942e-25540971e5a9", "isDeleted:":"true", "version":"1702089150524"}}
{"logTime": "1231/021718", "correlationVector":"5qYU/GNsM44T1mRoNhdwaC.74","action":"GetUpdates", "result":"DeleteReceived", "context":{"id":"446f2b3c-3612-4cc3-941a-3496bd9a1952", "isDeleted:":"true", "version":"1702089551241"}}
{"logTime": "1231/021718", "correlationVector":"5qYU/GNsM44T1mRoNhdwaC.75","action":"GetUpdates", "result":"DeleteReceived", "context":{"id":"cdf7b7c7-361e-4c64-98ba-084fae938113", "isDeleted:":"true", "version":"1702089551243"}}
{"logTime": "1231/021718", "correlationVector":"5qYU/GNsM44T1mRoNhdwaC.76","action":"GetUpdates", "result":"DeleteReceived", "context":{"id":"6a57d2d8-356a-48c8-b393-990f122f51b9", "isDeleted:":"true", "version":"1702089551244"}}
{"logTime": "1231/021718", "correlationVector":"5qYU/GNsM44T1mRoNhdwaC.77","action":"GetUpdates", "result":"DeleteReceived", "context":{"id":"b21a217d-85c1-4378-a933-50d9877fc8d3", "isDeleted:":"true", "version":"1702090235501"}}
{"logTime": "1231/021718", "correlationVector":"5qYU/GNsM44T1mRoNhdwaC.78","action":"GetUpdates", "result":"DeleteReceived", "context":{"id":"653f62af-0bc8-442c-9ac4-f73cd2203216", "isDeleted:":"true", "version":"1702091499206"}}
{"logTime": "1231/021718", "correlationVector":"5qYU/GNsM44T1mRoNhdwaC.79","action":"GetUpdates", "result":"DeleteReceived", "context":{"id":"e7bdb2ab-2897-4194-ac98-4b07a5665dec", "isDeleted:":"true", "version":"1702091846214"}}
{"logTime": "1231/021718", "correlationVector":"5qYU/GNsM44T1mRoNhdwaC.80","action":"GetUpdates", "result":"DeleteReceived", "context":{"id":"b15bed61-05ed-4717-86bc-085a88df0233", "isDeleted:":"true", "version":"1702093596005"}}
{"logTime": "1231/021718", "correlationVector":"5qYU/GNsM44T1mRoNhdwaC.81","action":"GetUpdates", "result":"DeleteReceived", "context":{"id":"a852c3d2-6e6f-4168-917a-cf3556e4bec5", "isDeleted:":"true", "version":"1702140199288"}}
{"logTime": "1231/021718", "correlationVector":"5qYU/GNsM44T1mRoNhdwaC.82","action":"GetUpdates", "result":"DeleteReceived", "context":{"id":"9c8e2757-a7a0-4893-9685-531781fd6921", "isDeleted:":"true", "version":"1702140199289"}}
{"logTime": "1231/021718", "correlationVector":"5qYU/GNsM44T1mRoNhdwaC.83","action":"GetUpdates", "result":"DeleteReceived", "context":{"id":"96d4e22f-64d3-4cf2-a37f-6313107d3572", "isDeleted:":"true", "version":"1702227693028"}}
{"logTime": "1231/021718", "correlationVector":"5qYU/GNsM44T1mRoNhdwaC.84","action":"GetUpdates", "result":"DeleteReceived", "context":{"id":"8efd928f-7262-4bcc-b303-e50a3d4450fe", "isDeleted:":"true", "version":"1702227728791"}}
{"logTime": "1231/021718", "correlationVector":"5qYU/GNsM44T1mRoNhdwaC.85","action":"GetUpdates", "result":"DeleteReceived", "context":{"id":"d146838c-0edc-4959-b4f6-9ae3035fc31b", "isDeleted:":"true", "version":"1702262398019"}}
{"logTime": "1231/021718", "correlationVector":"5qYU/GNsM44T1mRoNhdwaC.86","action":"GetUpdates", "result":"DeleteReceived", "context":{"id":"7eded7f0-d4d0-42d0-a9e0-ed05f91f2bd1", "isDeleted:":"true", "version":"1702342015614"}}
{"logTime": "1231/021718", "correlationVector":"5qYU/GNsM44T1mRoNhdwaC.87","action":"GetUpdates", "result":"DeleteReceived", "context":{"id":"588949e5-82de-42b2-91fd-ddf75415398a", "isDeleted:":"true", "version":"1702604041760"}}
{"logTime": "1231/021718", "correlationVector":"5qYU/GNsM44T1mRoNhdwaC.88","action":"GetUpdates", "result":"DeleteReceived", "context":{"id":"a246f807-f48f-4689-a10a-a8f016a3d17a", "isDeleted:":"true", "version":"1702604041762"}}
{"logTime": "1231/021718", "correlationVector":"5qYU/GNsM44T1mRoNhdwaC.89","action":"GetUpdates", "result":"DeleteReceived", "context":{"id":"1d0b6a19-073d-48ba-9df8-a56898d32559", "isDeleted:":"true", "version":"1702605150684"}}
{"logTime": "1231/021718", "correlationVector":"5qYU/GNsM44T1mRoNhdwaC.90","action":"GetUpdates", "result":"DeleteReceived", "context":{"id":"b532e73c-9e02-48ce-81be-6722ec06a4ed", "isDeleted:":"true", "version":"1702605150685"}}
{"logTime": "1231/021718", "correlationVector":"5qYU/GNsM44T1mRoNhdwaC.91","action":"GetUpdates", "result":"DeleteReceived", "context":{"id":"841c8af5-940c-43e7-ae08-0ddf3b715dc1", "isDeleted:":"true", "version":"1702605150686"}}
{"logTime": "1231/021718", "correlationVector":"5qYU/GNsM44T1mRoNhdwaC.92","action":"GetUpdates", "result":"DeleteReceived", "context":{"id":"7ce061d8-0bf8-45a5-8c01-f0b9c6f151f3", "isDeleted:":"true", "version":"1702605150687"}}
{"logTime": "1231/021718", "correlationVector":"5qYU/GNsM44T1mRoNhdwaC.93","action":"GetUpdates", "result":"DeleteReceived", "context":{"id":"825e6525-df2d-4f50-94fb-203e5eae8cb4", "isDeleted:":"true", "version":"1702605162069"}}
{"logTime": "1231/021718", "correlationVector":"5qYU/GNsM44T1mRoNhdwaC.94","action":"GetUpdates", "result":"DeleteReceived", "context":{"id":"b373e50f-85a0-42ab-abba-59c9a433f90d", "isDeleted:":"true", "version":"1702605313944"}}
{"logTime": "1231/021718", "correlationVector":"5qYU/GNsM44T1mRoNhdwaC.95","action":"GetUpdates", "result":"DeleteReceived", "context":{"id":"67c7fcc4-1df3-4f00-a810-d304ccc16c44", "isDeleted:":"true", "version":"1702605313946"}}
{"logTime": "1231/021718", "correlationVector":"5qYU/GNsM44T1mRoNhdwaC.96","action":"GetUpdates", "result":"DeleteReceived", "context":{"id":"92b03a7c-9fa1-4605-a3fe-1c79823a1686", "isDeleted:":"true", "version":"1702605527103"}}
{"logTime": "1231/021718", "correlationVector":"5qYU/GNsM44T1mRoNhdwaC.97","action":"GetUpdates", "result":"DeleteReceived", "context":{"id":"c439f853-e1ed-42ab-9714-eee2572ca5a1", "isDeleted:":"true", "version":"1702605527105"}}
{"logTime": "1231/021718", "correlationVector":"5qYU/GNsM44T1mRoNhdwaC.98","action":"GetUpdates", "result":"DeleteReceived", "context":{"id":"94156942-cbc3-41a7-9775-7728d2dd0594", "isDeleted:":"true", "version":"1702605527106"}}
{"logTime": "1231/021718", "correlationVector":"5qYU/GNsM44T1mRoNhdwaC.99","action":"GetUpdates", "result":"DeleteReceived", "context":{"id":"49bac02a-4eaa-4c96-a16e-e15c43c87d45", "isDeleted:":"true", "version":"1702605527109"}}
{"logTime": "1231/021718", "correlationVector":"5qYU/GNsM44T1mRoNhdwaC.100","action":"GetUpdates", "result":"DeleteReceived", "context":{"id":"514b1136-b2be-4ab3-9778-edb82d54eab1", "isDeleted:":"true", "version":"1702605527110"}}
{"logTime": "1231/021718", "correlationVector":"5qYU/GNsM44T1mRoNhdwaC.101","action":"GetUpdates", "result":"DeleteReceived", "context":{"id":"988fff61-b056-4cda-a2db-dbcb5e3a4026", "isDeleted:":"true", "version":"1702605659996"}}
{"logTime": "1231/021718", "correlationVector":"5qYU/GNsM44T1mRoNhdwaC.102","action":"GetUpdates", "result":"DeleteReceived", "context":{"id":"ab637342-aee7-4a7e-89cb-809921c09b73", "isDeleted:":"true", "version":"1702605727336"}}
{"logTime": "1231/021718", "correlationVector":"5qYU/GNsM44T1mRoNhdwaC.103","action":"GetUpdates", "result":"DeleteReceived", "context":{"id":"7c3f822b-40dd-471f-b267-3355d46ebc1f", "isDeleted:":"true", "version":"1702605944357"}}
{"logTime": "1231/021718", "correlationVector":"5qYU/GNsM44T1mRoNhdwaC.104","action":"GetUpdates", "result":"DeleteReceived", "context":{"id":"840182b3-5475-4e1a-bf09-441ce8e81a13", "isDeleted:":"true", "version":"1702606259921"}}
{"logTime": "1231/021718", "correlationVector":"5qYU/GNsM44T1mRoNhdwaC.105","action":"GetUpdates", "result":"DeleteReceived", "context":{"id":"a1706d17-69eb-4cc8-9754-3ec431c0ea38", "isDeleted:":"true", "version":"1702606350079"}}
{"logTime": "1231/021718", "correlationVector":"5qYU/GNsM44T1mRoNhdwaC.106","action":"GetUpdates", "result":"DeleteReceived", "context":{"id":"906ca442-756c-4874-897e-c416ecbb6e7e", "isDeleted:":"true", "version":"1702606521670"}}
{"logTime": "1231/021718", "correlationVector":"5qYU/GNsM44T1mRoNhdwaC.107","action":"GetUpdates", "result":"DeleteReceived", "context":{"id":"8abc06ed-b3fa-479b-9f87-9a9a380ca774", "isDeleted:":"true", "version":"1702606681798"}}
{"logTime": "1231/021718", "correlationVector":"5qYU/GNsM44T1mRoNhdwaC.108","action":"GetUpdates", "result":"DeleteReceived", "context":{"id":"7fabd7c4-9209-470c-9af0-028e64f4e38a", "isDeleted:":"true", "version":"1702607143902"}}
{"logTime": "1231/021718", "correlationVector":"5qYU/GNsM44T1mRoNhdwaC.109","action":"GetUpdates", "result":"DeleteReceived", "context":{"id":"321d70d1-f4a3-4ea4-83c3-99d0cdd6b119", "isDeleted:":"true", "version":"1702607143903"}}
{"logTime": "1231/021718", "correlationVector":"5qYU/GNsM44T1mRoNhdwaC.110","action":"GetUpdates", "result":"DeleteReceived", "context":{"id":"b80bbecf-3b53-4a3a-a21b-c24a4d9a5da7", "isDeleted:":"true", "version":"1702607143905"}}
{"logTime": "1231/021718", "correlationVector":"5qYU/GNsM44T1mRoNhdwaC.111","action":"GetUpdates", "result":"DeleteReceived", "context":{"id":"86bc98f6-a1ae-456a-b1a7-58f64b137435", "isDeleted:":"true", "version":"1702607739282"}}
{"logTime": "1231/021718", "correlationVector":"5qYU/GNsM44T1mRoNhdwaC.112","action":"GetUpdates", "result":"DeleteReceived", "context":{"id":"2b09e804-de90-4413-9195-096bbdfc71ab", "isDeleted:":"true", "version":"1702607739283"}}
{"logTime": "1231/021718", "correlationVector":"5qYU/GNsM44T1mRoNhdwaC.113","action":"GetUpdates", "result":"DeleteReceived", "context":{"id":"44beaa4c-6bcc-48d3-bfee-90230c0e2f2d", "isDeleted:":"true", "version":"1702607739284"}}
{"logTime": "1231/021718", "correlationVector":"5qYU/GNsM44T1mRoNhdwaC.114","action":"GetUpdates", "result":"DeleteReceived", "context":{"id":"1eb06c6a-0fde-43db-846f-1712db15d6d7", "isDeleted:":"true", "version":"1702607739285"}}
{"logTime": "1231/021718", "correlationVector":"5qYU/GNsM44T1mRoNhdwaC.115","action":"GetUpdates", "result":"DeleteReceived", "context":{"id":"2e31ecc6-d768-4994-96c0-15ad39161b0c", "isDeleted:":"true", "version":"1702607739286"}}
{"logTime": "1231/021718", "correlationVector":"5qYU/GNsM44T1mRoNhdwaC.116","action":"GetUpdates", "result":"DeleteReceived", "context":{"id":"0109e52f-640e-4622-8cd0-ee9fa12a3192", "isDeleted:":"true", "version":"1702607739287"}}
{"logTime": "1231/021718", "correlationVector":"5qYU/GNsM44T1mRoNhdwaC.117","action":"GetUpdates", "result":"DeleteReceived", "context":{"id":"35f54077-7a74-4124-bf4c-32384aa7eb05", "isDeleted:":"true", "version":"1702607739288"}}
{"logTime": "1231/021718", "correlationVector":"5qYU/GNsM44T1mRoNhdwaC.118","action":"GetUpdates", "result":"DeleteReceived", "context":{"id":"ec548ef8-2801-43e8-a06e-816a3ac03523", "isDeleted:":"true", "version":"1702607739289"}}
{"logTime": "1231/021718", "correlationVector":"5qYU/GNsM44T1mRoNhdwaC.119","action":"GetUpdates", "result":"DeleteReceived", "context":{"id":"881ae865-90ba-485b-886b-fe96f0ae81dc", "isDeleted:":"true", "version":"1702609045537"}}
{"logTime": "1231/021718", "correlationVector":"5qYU/GNsM44T1mRoNhdwaC.120","action":"GetUpdates", "result":"DeleteReceived", "context":{"id":"7eb554d7-5794-48ce-8895-4b238ddfb570", "isDeleted:":"true", "version":"1702609045540"}}
{"logTime": "1231/021718", "correlationVector":"5qYU/GNsM44T1mRoNhdwaC.121","action":"GetUpdates", "result":"DeleteReceived", "context":{"id":"7d02fb41-92e4-4bc1-915b-b18e32b55020", "isDeleted:":"true", "version":"1702609045542"}}
{"logTime": "1231/021718", "correlationVector":"5qYU/GNsM44T1mRoNhdwaC.122","action":"GetUpdates", "result":"DeleteReceived", "context":{"id":"6d771964-579f-4533-991b-a380283662fc", "isDeleted:":"true", "version":"1702609049786"}}
{"logTime": "1231/021718", "correlationVector":"5qYU/GNsM44T1mRoNhdwaC.123","action":"GetUpdates", "result":"DeleteReceived", "context":{"id":"3519426c-9b3c-4f34-a9f5-f895aa4eff46", "isDeleted:":"true", "version":"1702612234909"}}
{"logTime": "1231/021718", "correlationVector":"5qYU/GNsM44T1mRoNhdwaC.124","action":"GetUpdates", "result":"DeleteReceived", "context":{"id":"9a23570e-649f-4aa8-8c23-9ef6482f42d1", "isDeleted:":"true", "version":"1702614599053"}}
{"logTime": "1231/021718", "correlationVector":"5qYU/GNsM44T1mRoNhdwaC.125","action":"GetUpdates", "result":"DeleteReceived", "context":{"id":"23d96b0d-ebc6-4c7e-aca3-465a68757d54", "isDeleted:":"true", "version":"1702615793993"}}
{"logTime": "1231/021718", "correlationVector":"5qYU/GNsM44T1mRoNhdwaC.126","action":"GetUpdates", "result":"DeleteReceived", "context":{"id":"60586a69-d66b-4edd-9919-13c975abcba4", "isDeleted:":"true", "version":"1702616148282"}}
{"logTime": "1231/021718", "correlationVector":"5qYU/GNsM44T1mRoNhdwaC.127","action":"GetUpdates", "result":"DeleteReceived", "context":{"id":"cf1cf7cc-35c5-46bb-9b39-649346648181", "isDeleted:":"true", "version":"1702616232863"}}
{"logTime": "1231/021718", "correlationVector":"5qYU/GNsM44T1mRoNhdwaC.128","action":"GetUpdates", "result":"DeleteReceived", "context":{"id":"0e57c197-1cb9-4e4e-bfc0-a17ac078c030", "isDeleted:":"true", "version":"1702648533443"}}
{"logTime": "1231/021718", "correlationVector":"5qYU/GNsM44T1mRoNhdwaC.129","action":"GetUpdates", "result":"DeleteReceived", "context":{"id":"ee38fde9-6cc4-457f-b5a9-12862bbd3232", "isDeleted:":"true", "version":"1702648648629"}}
{"logTime": "1231/021718", "correlationVector":"5qYU/GNsM44T1mRoNhdwaC.130","action":"GetUpdates", "result":"DeleteReceived", "context":{"id":"ee126b9b-403f-4764-bc62-f3e793f1d6b8", "isDeleted:":"true", "version":"1702690423588"}}
{"logTime": "1231/021718", "correlationVector":"5qYU/GNsM44T1mRoNhdwaC.131","action":"GetUpdates", "result":"DeleteReceived", "context":{"id":"d43a5a91-dab5-4fa0-adae-f96d404cf696", "isDeleted:":"true", "version":"1702692155942"}}
{"logTime": "1231/021718", "correlationVector":"5qYU/GNsM44T1mRoNhdwaC.132","action":"GetUpdates", "result":"DeleteReceived", "context":{"id":"0759870b-a424-44df-8eeb-db0218817e84", "isDeleted:":"true", "version":"1702703249560"}}
{"logTime": "1231/021718", "correlationVector":"5qYU/GNsM44T1mRoNhdwaC.133","action":"GetUpdates", "result":"DeleteReceived", "context":{"id":"6155f39b-0cf9-4023-88d1-64fb5c11dcd5", "isDeleted:":"true", "version":"1702703521368"}}
{"logTime": "1231/021718", "correlationVector":"5qYU/GNsM44T1mRoNhdwaC.134","action":"GetUpdates", "result":"DeleteReceived", "context":{"id":"927f8342-7663-4c45-9693-8a9eb1b72c17", "isDeleted:":"true", "version":"1702703521369"}}
{"logTime": "1231/021718", "correlationVector":"5qYU/GNsM44T1mRoNhdwaC.135","action":"GetUpdates", "result":"DeleteReceived", "context":{"id":"9eacf0b4-8b49-4def-a749-5ab8996dd6a2", "isDeleted:":"true", "version":"1702761942835"}}
{"logTime": "1231/021718", "correlationVector":"5qYU/GNsM44T1mRoNhdwaC.136","action":"GetUpdates", "result":"DeleteReceived", "context":{"id":"ac94270d-a788-47da-b8fa-3b2aafd00fbb", "isDeleted:":"true", "version":"1702762734788"}}
{"logTime": "1231/021718", "correlationVector":"5qYU/GNsM44T1mRoNhdwaC.137","action":"GetUpdates", "result":"DeleteReceived", "context":{"id":"046e5693-809e-49d2-b4cd-a4c4a15d253d", "isDeleted:":"true", "version":"1702762855370"}}
{"logTime": "1231/021718", "correlationVector":"5qYU/GNsM44T1mRoNhdwaC.138","action":"GetUpdates", "result":"DeleteReceived", "context":{"id":"32d1557f-faf7-41c5-a93d-8aa402d445ec", "isDeleted:":"true", "version":"1702763313550"}}
{"logTime": "1231/021718", "correlationVector":"5qYU/GNsM44T1mRoNhdwaC.139","action":"GetUpdates", "result":"DeleteReceived", "context":{"id":"e5669fd2-835b-4cc4-8486-741a0ce4154c", "isDeleted:":"true", "version":"1702763638864"}}
{"logTime": "1231/021718", "correlationVector":"5qYU/GNsM44T1mRoNhdwaC.140","action":"GetUpdates", "result":"DeleteReceived", "context":{"id":"dacb4bb0-8db8-4c3b-80d8-5ca2a464d778", "isDeleted:":"true", "version":"1702763842405"}}
{"logTime": "1231/021718", "correlationVector":"5qYU/GNsM44T1mRoNhdwaC.141","action":"GetUpdates", "result":"DeleteReceived", "context":{"id":"e4a14e1a-1d04-4db0-a5b3-df35f2584c1c", "isDeleted:":"true", "version":"1702765733957"}}
{"logTime": "1231/021718", "correlationVector":"5qYU/GNsM44T1mRoNhdwaC.142","action":"GetUpdates", "result":"DeleteReceived", "context":{"id":"fb9b3dd6-50b8-4646-b82b-591ee667d13c", "isDeleted:":"true", "version":"1702768827753"}}
{"logTime": "1231/021718", "correlationVector":"5qYU/GNsM44T1mRoNhdwaC.143","action":"GetUpdates", "result":"DeleteReceived", "context":{"id":"61d210e4-d9c9-416f-a6ab-19ff5991e740", "isDeleted:":"true", "version":"1702768934373"}}
{"logTime": "1231/021718", "correlationVector":"5qYU/GNsM44T1mRoNhdwaC.144","action":"GetUpdates", "result":"DeleteReceived", "context":{"id":"ecbe238e-5250-48e3-9e7a-38288a2d4bd4", "isDeleted:":"true", "version":"1702769323458"}}
{"logTime": "1231/021718", "correlationVector":"5qYU/GNsM44T1mRoNhdwaC.145","action":"GetUpdates", "result":"DeleteReceived", "context":{"id":"d9ce6dcf-0bb2-47d6-9f34-39f458999766", "isDeleted:":"true", "version":"1702769615858"}}
{"logTime": "1231/021718", "correlationVector":"5qYU/GNsM44T1mRoNhdwaC.146","action":"GetUpdates", "result":"DeleteReceived", "context":{"id":"5f89947a-5979-4fe6-89e3-9f0b4be0eaa0", "isDeleted:":"true", "version":"1702770008047"}}
{"logTime": "1231/021718", "correlationVector":"5qYU/GNsM44T1mRoNhdwaC.147","action":"GetUpdates", "result":"DeleteReceived", "context":{"id":"ec82cd3e-33d7-49b0-ae71-f8f2decbc66a", "isDeleted:":"true", "version":"1702780042712"}}
{"logTime": "1231/021718", "correlationVector":"5qYU/GNsM44T1mRoNhdwaC.148","action":"GetUpdates", "result":"DeleteReceived", "context":{"id":"c5b68d6a-91ea-4b1e-b16c-5d0309b7a888", "isDeleted:":"true", "version":"1702780315186"}}
{"logTime": "1231/021718", "correlationVector":"5qYU/GNsM44T1mRoNhdwaC.149","action":"GetUpdates", "result":"DeleteReceived", "context":{"id":"e9c4e9ea-4076-4571-b587-95bbe61cb31b", "isDeleted:":"true", "version":"1702780699909"}}
{"logTime": "1231/021718", "correlationVector":"5qYU/GNsM44T1mRoNhdwaC.150","action":"GetUpdates", "result":"DeleteReceived", "context":{"id":"5903e36c-649b-4905-b034-5dc0fe1d944d", "isDeleted:":"true", "version":"1702780699910"}}
{"logTime": "1231/021718", "correlationVector":"5qYU/GNsM44T1mRoNhdwaC.151","action":"GetUpdates", "result":"DeleteReceived", "context":{"id":"37ce171f-bcdc-4976-ace9-41cfc8290c5e", "isDeleted:":"true", "version":"1702780699914"}}
{"logTime": "1231/021718", "correlationVector":"5qYU/GNsM44T1mRoNhdwaC.152","action":"GetUpdates", "result":"DeleteReceived", "context":{"id":"5750f17f-d462-4d36-ad89-6685da1f7c61", "isDeleted:":"true", "version":"1702780747338"}}
{"logTime": "1231/021718", "correlationVector":"5qYU/GNsM44T1mRoNhdwaC.153","action":"GetUpdates", "result":"DeleteReceived", "context":{"id":"5c8e03c0-9f66-47ee-a904-3942dcb5107d", "isDeleted:":"true", "version":"1702780747341"}}
{"logTime": "1231/021718", "correlationVector":"5qYU/GNsM44T1mRoNhdwaC.154","action":"GetUpdates", "result":"DeleteReceived", "context":{"id":"e49481b6-e584-4ef2-bb64-26c8c6058e11", "isDeleted:":"true", "version":"1702781161492"}}
{"logTime": "1231/021718", "correlationVector":"5qYU/GNsM44T1mRoNhdwaC.155","action":"GetUpdates", "result":"DeleteReceived", "context":{"id":"ccf665f9-d64c-4031-ae3f-cfe425e51986", "isDeleted:":"true", "version":"1702781219097"}}
{"logTime": "1231/021718", "correlationVector":"5qYU/GNsM44T1mRoNhdwaC.156","action":"GetUpdates", "result":"DeleteReceived", "context":{"id":"6d9f1d74-4b64-4c70-84a6-a9b2a830def2", "isDeleted:":"true", "version":"1702781706341"}}
{"logTime": "1231/021718", "correlationVector":"5qYU/GNsM44T1mRoNhdwaC.157","action":"GetUpdates", "result":"DeleteReceived", "context":{"id":"fe588e57-44ab-4858-90e1-387cb04db84a", "isDeleted:":"true", "version":"1702782403171"}}
{"logTime": "1231/021718", "correlationVector":"5qYU/GNsM44T1mRoNhdwaC.158","action":"GetUpdates", "result":"DeleteReceived", "context":{"id":"9b5dfb3e-86bc-460b-9481-06f6329e651e", "isDeleted:":"true", "version":"1702782436985"}}
{"logTime": "1231/021718", "correlationVector":"5qYU/GNsM44T1mRoNhdwaC.159","action":"GetUpdates", "result":"DeleteReceived", "context":{"id":"517b860c-fb49-4948-b22b-02053e55675c", "isDeleted:":"true", "version":"1702782730811"}}
{"logTime": "1231/021718", "correlationVector":"5qYU/GNsM44T1mRoNhdwaC.160","action":"GetUpdates", "result":"DeleteReceived", "context":{"id":"80a3d9f2-b21f-4f6d-ba94-c11488e2d206", "isDeleted:":"true", "version":"1702782871319"}}
{"logTime": "1231/021718", "correlationVector":"5qYU/GNsM44T1mRoNhdwaC.161","action":"GetUpdates", "result":"DeleteReceived", "context":{"id":"5923efb6-b682-4eb9-8129-5c33e219a082", "isDeleted:":"true", "version":"1703075778584"}}
{"logTime": "1231/021718", "correlationVector":"5qYU/GNsM44T1mRoNhdwaC.162","action":"GetUpdates", "result":"DeleteReceived", "context":{"id":"074c624b-be2d-4250-a20a-805de9972900", "isDeleted:":"true", "version":"1703075812245"}}
{"logTime": "1231/021718", "correlationVector":"5qYU/GNsM44T1mRoNhdwaC.163","action":"GetUpdates", "result":"DeleteReceived", "context":{"id":"db2628bc-98d1-4012-932f-8af2f38c497d", "isDeleted:":"true", "version":"1703076413239"}}
{"logTime": "1231/021718", "correlationVector":"5qYU/GNsM44T1mRoNhdwaC.164","action":"GetUpdates", "result":"DeleteReceived", "context":{"id":"3de1e5a1-49c3-47d3-89dc-b61dbea9e59a", "isDeleted:":"true", "version":"1703076834159"}}
{"logTime": "1231/021718", "correlationVector":"5qYU/GNsM44T1mRoNhdwaC.165","action":"GetUpdates", "result":"DeleteReceived", "context":{"id":"c63967a2-5670-46e8-b7aa-d098d41c0766", "isDeleted:":"true", "version":"1703076897819"}}
{"logTime": "1231/021718", "correlationVector":"5qYU/GNsM44T1mRoNhdwaC.166","action":"GetUpdates", "result":"DeleteReceived", "context":{"id":"20cc4ae6-c748-4baf-ab30-09cf0067f659", "isDeleted:":"true", "version":"1703079400858"}}
{"logTime": "1231/021718", "correlationVector":"5qYU/GNsM44T1mRoNhdwaC.167","action":"GetUpdates", "result":"DeleteReceived", "context":{"id":"e4b58aba-8edc-4664-8fb6-ea3e6405b731", "isDeleted:":"true", "version":"1703079400860"}}
{"logTime": "1231/021718", "correlationVector":"5qYU/GNsM44T1mRoNhdwaC.168","action":"GetUpdates", "result":"DeleteReceived", "context":{"id":"8cca2e63-2d2c-4631-8ae7-9002d0689f33", "isDeleted:":"true", "version":"1703079621035"}}
{"logTime": "1231/021718", "correlationVector":"5qYU/GNsM44T1mRoNhdwaC.169","action":"GetUpdates", "result":"DeleteReceived", "context":{"id":"ad8a80cf-9b72-4b7e-90c5-85b44aedda70", "isDeleted:":"true", "version":"1703079621038"}}
{"logTime": "1231/021718", "correlationVector":"5qYU/GNsM44T1mRoNhdwaC.170","action":"GetUpdates", "result":"DeleteReceived", "context":{"id":"08000ce1-b273-4a8b-98ab-9899142c3fb6", "isDeleted:":"true", "version":"1703082149426"}}
{"logTime": "1231/021718", "correlationVector":"5qYU/GNsM44T1mRoNhdwaC.171","action":"GetUpdates", "result":"DeleteReceived", "context":{"id":"1465e1ad-e800-4391-b463-3e50d4aa2fd1", "isDeleted:":"true", "version":"1703084814755"}}
{"logTime": "1231/021718", "correlationVector":"5qYU/GNsM44T1mRoNhdwaC.172","action":"GetUpdates", "result":"DeleteReceived", "context":{"id":"55daa10c-4e75-4fd4-9661-06e18f34027c", "isDeleted:":"true", "version":"1703143867845"}}
{"logTime": "1231/021718", "correlationVector":"5qYU/GNsM44T1mRoNhdwaC.173","action":"GetUpdates", "result":"DeleteReceived", "context":{"id":"22ce1881-8077-4fa7-bab2-d96b83131397", "isDeleted:":"true", "version":"1703143867846"}}
{"logTime": "1231/021718", "correlationVector":"5qYU/GNsM44T1mRoNhdwaC.174","action":"GetUpdates", "result":"DeleteReceived", "context":{"id":"766c6b0e-d863-47de-9b27-a211c6a570f5", "isDeleted:":"true", "version":"1703143867847"}}
{"logTime": "1231/021718", "correlationVector":"5qYU/GNsM44T1mRoNhdwaC.175","action":"GetUpdates", "result":"DeleteReceived", "context":{"id":"6afa88e2-42c8-4770-afb7-a26a8c0fc50c", "isDeleted:":"true", "version":"1703143867849"}}
{"logTime": "1231/021718", "correlationVector":"5qYU/GNsM44T1mRoNhdwaC.176","action":"GetUpdates", "result":"DeleteReceived", "context":{"id":"899527db-069e-4f84-9417-b4b215335339", "isDeleted:":"true", "version":"1703143867852"}}
{"logTime": "1231/021718", "correlationVector":"5qYU/GNsM44T1mRoNhdwaC.177","action":"GetUpdates", "result":"DeleteReceived", "context":{"id":"ff3a3084-4128-413b-bb59-8b1d925b446a", "isDeleted:":"true", "version":"1703143867853"}}
{"logTime": "1231/021718", "correlationVector":"5qYU/GNsM44T1mRoNhdwaC.178","action":"GetUpdates", "result":"DeleteReceived", "context":{"id":"14511c49-61c0-449b-b76f-ff0f7fb5175b", "isDeleted:":"true", "version":"1703143867857"}}
{"logTime": "1231/021718", "correlationVector":"5qYU/GNsM44T1mRoNhdwaC.179","action":"GetUpdates", "result":"DeleteReceived", "context":{"id":"b601abc5-0e68-457d-be2c-1b2dc6bd5b03", "isDeleted:":"true", "version":"1703143867859"}}
{"logTime": "1231/021718", "correlationVector":"5qYU/GNsM44T1mRoNhdwaC.180","action":"GetUpdates", "result":"DeleteReceived", "context":{"id":"5b3826e3-7cf7-4691-a51f-f6b028233bdd", "isDeleted:":"true", "version":"1703143870184"}}
{"logTime": "1231/021718", "correlationVector":"5qYU/GNsM44T1mRoNhdwaC.181","action":"GetUpdates", "result":"DeleteReceived", "context":{"id":"f47829ff-4d09-4fda-bffd-470ab1584fe0", "isDeleted:":"true", "version":"1703143870185"}}
{"logTime": "1231/021718", "correlationVector":"5qYU/GNsM44T1mRoNhdwaC.182","action":"GetUpdates", "result":"DeleteReceived", "context":{"id":"cc46362a-dfa3-4b3c-a5ab-c4cafce8d45f", "isDeleted:":"true", "version":"1703143870187"}}
{"logTime": "1231/021718", "correlationVector":"5qYU/GNsM44T1mRoNhdwaC.183","action":"GetUpdates", "result":"DeleteReceived", "context":{"id":"61f80340-b5dc-4ac7-83a7-561f35df8eb8", "isDeleted:":"true", "version":"1703215759884"}}
{"logTime": "1231/021718", "correlationVector":"5qYU/GNsM44T1mRoNhdwaC.184","action":"GetUpdates", "result":"DeleteReceived", "context":{"id":"9e270b8c-0d78-4cc2-b180-86d2add5167d", "isDeleted:":"true", "version":"1703215759885"}}
{"logTime": "1231/021718", "correlationVector":"5qYU/GNsM44T1mRoNhdwaC.185","action":"GetUpdates", "result":"DeleteReceived", "context":{"id":"8c4a9787-245a-44b0-b1e9-da15c97b4780", "isDeleted:":"true", "version":"1703215759887"}}
{"logTime": "1231/021718", "correlationVector":"5qYU/GNsM44T1mRoNhdwaC.186","action":"GetUpdates", "result":"DeleteReceived", "context":{"id":"4d9aab6f-4443-4bdb-8049-d3ebd32f5de1", "isDeleted:":"true", "version":"1703376774260"}}
{"logTime": "1231/021718", "correlationVector":"5qYU/GNsM44T1mRoNhdwaC.187","action":"GetUpdates", "result":"DeleteReceived", "context":{"id":"28a77ab0-c35d-4b9b-a141-73e260904bf7", "isDeleted:":"true", "version":"1703376774261"}}
{"logTime": "1231/021718", "correlationVector":"5qYU/GNsM44T1mRoNhdwaC.188","action":"GetUpdates", "result":"DeleteReceived", "context":{"id":"9fa68fc2-a517-4850-a74a-e585a68417ac", "isDeleted:":"true", "version":"1703376774262"}}
{"logTime": "1231/021718", "correlationVector":"5qYU/GNsM44T1mRoNhdwaC.189","action":"GetUpdates", "result":"DeleteReceived", "context":{"id":"da6941c5-9d44-4ee7-b623-5d05db20a292", "isDeleted:":"true", "version":"1703376774263"}}
{"logTime": "1231/021718", "correlationVector":"5qYU/GNsM44T1mRoNhdwaC.190","action":"GetUpdates", "result":"DeleteReceived", "context":{"id":"ce9ba24c-ae71-4954-94ab-2a61a0784aa2", "isDeleted:":"true", "version":"1703376774264"}}
{"logTime": "1231/021718", "correlationVector":"5qYU/GNsM44T1mRoNhdwaC.191","action":"GetUpdates", "result":"DeleteReceived", "context":{"id":"6fb19e06-b4a2-4f69-a3ff-e334923fa4f3", "isDeleted:":"true", "version":"1703376774265"}}
{"logTime": "1231/021718", "correlationVector":"5qYU/GNsM44T1mRoNhdwaC.192","action":"GetUpdates", "result":"DeleteReceived", "context":{"id":"458dac3c-a63e-457c-9ff9-adf1b8ab06e6", "isDeleted:":"true", "version":"1703376774267"}}
{"logTime": "1231/021718", "correlationVector":"5qYU/GNsM44T1mRoNhdwaC.193","action":"GetUpdates", "result":"DeleteReceived", "context":{"id":"7adb8817-705c-4bc6-984e-f41125a0240a", "isDeleted:":"true", "version":"1703376774268"}}
{"logTime": "1231/021718", "correlationVector":"5qYU/GNsM44T1mRoNhdwaC.194","action":"GetUpdates", "result":"DeleteReceived", "context":{"id":"82052edd-dd3b-4dc2-8817-a25c7454a9c5", "isDeleted:":"true", "version":"1703480228008"}}
{"logTime": "1231/021718", "correlationVector":"5qYU/GNsM44T1mRoNhdwaC.195","action":"GetUpdates", "result":"DeleteReceived", "context":{"id":"31572a6f-bb0a-461f-b4a8-0a309049ddb7", "isDeleted:":"true", "version":"1703480228010"}}
{"logTime": "1231/021718", "correlationVector":"5qYU/GNsM44T1mRoNhdwaC.196","action":"GetUpdates", "result":"DeleteReceived", "context":{"id":"3701e245-6bed-497a-9a45-b599d67b7f63", "isDeleted:":"true", "version":"1703481037554"}}
{"logTime": "1231/021718", "correlationVector":"5qYU/GNsM44T1mRoNhdwaC.197","action":"GetUpdates", "result":"DeleteReceived", "context":{"id":"7ef2c2d9-32cf-4fc6-9b10-6f03c700c962", "isDeleted:":"true", "version":"1703481097470"}}
{"logTime": "1231/021718", "correlationVector":"5qYU/GNsM44T1mRoNhdwaC.198","action":"GetUpdates", "result":"DeleteReceived", "context":{"id":"c16ef079-8cec-4cef-867e-1c710a28ea9c", "isDeleted:":"true", "version":"1703481097471"}}
{"logTime": "1231/021718", "correlationVector":"5qYU/GNsM44T1mRoNhdwaC.199","action":"GetUpdates", "result":"DeleteReceived", "context":{"id":"96e833ef-288c-4c14-bd2a-d3ab9ee72056", "isDeleted:":"true", "version":"1703481097472"}}
{"logTime": "1231/021718", "correlationVector":"5qYU/GNsM44T1mRoNhdwaC.200","action":"GetUpdates", "result":"DeleteReceived", "context":{"id":"f8e1097e-4c01-40d1-8c64-ec5847101cb2", "isDeleted:":"true", "version":"1703481097474"}}
{"logTime": "1231/021718", "correlationVector":"5qYU/GNsM44T1mRoNhdwaC.201","action":"GetUpdates", "result":"DeleteReceived", "context":{"id":"1c2870e1-ac64-4267-a73f-ba656b6d6586", "isDeleted:":"true", "version":"1703481097475"}}
{"logTime": "1231/021718", "correlationVector":"5qYU/GNsM44T1mRoNhdwaC.202","action":"GetUpdates", "result":"DeleteReceived", "context":{"id":"d5a1f150-20a2-4e6d-aee0-34592c1abe79", "isDeleted:":"true", "version":"1703481097477"}}
{"logTime": "1231/021718", "correlationVector":"5qYU/GNsM44T1mRoNhdwaC.203","action":"GetUpdates", "result":"DeleteReceived", "context":{"id":"554eb934-cd35-4e2d-9d82-afc2457e79eb", "isDeleted:":"true", "version":"1703481097478"}}
{"logTime": "1231/021718", "correlationVector":"5qYU/GNsM44T1mRoNhdwaC.204","action":"GetUpdates Response", "result":"SERVER_MORE_TO_DOWNLOAD", "context":Received 250 update(s).  Some updates remain.}
{"logTime": "1231/021718", "correlationVector":"uOQUK5Aj0GW9sRFhsa0y5S","action":"Initial GetUpdates", "result":"", "context":Reason: NEWLY_SUPPORTED_DATATYPE. cV=uOQUK5Aj0GW9sRFhsa0y5S}
{"logTime": "1231/021718", "correlationVector":"uOQUK5Aj0GW9sRFhsa0y5S.1","action":"SyncServerConnectionManagerRequest", "result":"SYNC_SERVER_OK", "context":{"environment":"Prod_EastUS2_000e", "migrationStage":"NotStarted", "server":"GENERAL0100001P"}}
{"logTime": "1231/021718", "correlationVector":"uOQUK5Aj0GW9sRFhsa0y5S.2","action":"GetUpdates", "result":"DeleteReceived", "context":{"id":"a1df13c5-66a5-451c-90d8-6edf03f6a3d2", "isDeleted:":"true", "version":"1703481097479"}}
{"logTime": "1231/021718", "correlationVector":"uOQUK5Aj0GW9sRFhsa0y5S.3","action":"GetUpdates", "result":"DeleteReceived", "context":{"id":"70f75dcb-7a2d-4c14-b5fb-30835efe8788", "isDeleted:":"true", "version":"1703481097480"}}
{"logTime": "1231/021718", "correlationVector":"uOQUK5Aj0GW9sRFhsa0y5S.4","action":"GetUpdates", "result":"DeleteReceived", "context":{"id":"2eea6505-b782-4919-a0c0-fe792fe8dca8", "isDeleted:":"true", "version":"1703481139845"}}
{"logTime": "1231/021718", "correlationVector":"uOQUK5Aj0GW9sRFhsa0y5S.5","action":"GetUpdates", "result":"DeleteReceived", "context":{"id":"103e5031-f50b-424a-9868-6115151930ba", "isDeleted:":"true", "version":"1703496854227"}}
{"logTime": "1231/021718", "correlationVector":"uOQUK5Aj0GW9sRFhsa0y5S.6","action":"GetUpdates", "result":"DeleteReceived", "context":{"id":"ea789da0-9c88-4d49-9fc7-40da7565d817", "isDeleted:":"true", "version":"1703496854229"}}
{"logTime": "1231/021718", "correlationVector":"uOQUK5Aj0GW9sRFhsa0y5S.7","action":"GetUpdates", "result":"DeleteReceived", "context":{"id":"b93be89d-c6b6-42b1-af1b-c7c0e5fc3e94", "isDeleted:":"true", "version":"1703532833323"}}
{"logTime": "1231/021718", "correlationVector":"uOQUK5Aj0GW9sRFhsa0y5S.8","action":"GetUpdates", "result":"DeleteReceived", "context":{"id":"2c40a15d-4d38-4355-b67a-96a4024314a1", "isDeleted:":"true", "version":"1703533893832"}}
{"logTime": "1231/021718", "correlationVector":"uOQUK5Aj0GW9sRFhsa0y5S.9","action":"GetUpdates", "result":"DeleteReceived", "context":{"id":"59ce96ee-8776-48d4-a19b-18893709ee78", "isDeleted:":"true", "version":"1703533893833"}}
{"logTime": "1231/021718", "correlationVector":"uOQUK5Aj0GW9sRFhsa0y5S.10","action":"GetUpdates", "result":"DeleteReceived", "context":{"id":"4f1f2af1-f31f-40fc-8e8d-9a2cb2f3c9c4", "isDeleted:":"true", "version":"1703533937512"}}
{"logTime": "1231/021718", "correlationVector":"uOQUK5Aj0GW9sRFhsa0y5S.11","action":"GetUpdates", "result":"DeleteReceived", "context":{"id":"586fdd01-42fc-4b5a-aef5-8f269fce2047", "isDeleted:":"true", "version":"1703534003740"}}
{"logTime": "1231/021718", "correlationVector":"uOQUK5Aj0GW9sRFhsa0y5S.12","action":"GetUpdates", "result":"DeleteReceived", "context":{"id":"15658e08-562d-477e-a66e-03b0b5e8f688", "isDeleted:":"true", "version":"1703535614590"}}
{"logTime": "1231/021718", "correlationVector":"uOQUK5Aj0GW9sRFhsa0y5S.13","action":"GetUpdates", "result":"DeleteReceived", "context":{"id":"b348040a-4f0a-41a4-8425-049f64de82cc", "isDeleted:":"true", "version":"1703536138187"}}
{"logTime": "1231/021718", "correlationVector":"uOQUK5Aj0GW9sRFhsa0y5S.14","action":"GetUpdates", "result":"DeleteReceived", "context":{"id":"b2850a1b-cb38-4848-8aaa-b613a6953289", "isDeleted:":"true", "version":"1703539770668"}}
{"logTime": "1231/021718", "correlationVector":"uOQUK5Aj0GW9sRFhsa0y5S.15","action":"GetUpdates", "result":"DeleteReceived", "context":{"id":"83ee84d9-475a-4473-9cc0-6e41c8baa90d", "isDeleted:":"true", "version":"1703543267577"}}
{"logTime": "1231/021718", "correlationVector":"uOQUK5Aj0GW9sRFhsa0y5S.16","action":"GetUpdates", "result":"DeleteReceived", "context":{"id":"8ff1a061-2101-4721-9417-83229d2a056b", "isDeleted:":"true", "version":"1703545313668"}}
{"logTime": "1231/021718", "correlationVector":"uOQUK5Aj0GW9sRFhsa0y5S.17","action":"GetUpdates", "result":"DeleteReceived", "context":{"id":"e787a6c9-60b4-49fe-98c9-54250a19fda6", "isDeleted:":"true", "version":"1703548093562"}}
{"logTime": "1231/021718", "correlationVector":"uOQUK5Aj0GW9sRFhsa0y5S.18","action":"GetUpdates", "result":"DeleteReceived", "context":{"id":"f65ccef2-086f-44fe-85fb-10600e08e15f", "isDeleted:":"true", "version":"1703551332349"}}
{"logTime": "1231/021718", "correlationVector":"uOQUK5Aj0GW9sRFhsa0y5S.19","action":"GetUpdates", "result":"DeleteReceived", "context":{"id":"721bc388-3a3a-400d-bf40-7b9b4240618a", "isDeleted:":"true", "version":"1703551374786"}}
{"logTime": "1231/021718", "correlationVector":"uOQUK5Aj0GW9sRFhsa0y5S.20","action":"GetUpdates", "result":"DeleteReceived", "context":{"id":"378c249a-5b7e-4d19-8117-f77ab12a008e", "isDeleted:":"true", "version":"1703553886081"}}
{"logTime": "1231/021718", "correlationVector":"uOQUK5Aj0GW9sRFhsa0y5S.21","action":"GetUpdates", "result":"DeleteReceived", "context":{"id":"8ecdaa75-16e7-4279-a2a5-e6dca3773726", "isDeleted:":"true", "version":"1703555799822"}}
{"logTime": "1231/021718", "correlationVector":"uOQUK5Aj0GW9sRFhsa0y5S.22","action":"GetUpdates", "result":"DeleteReceived", "context":{"id":"42c675bc-ee3f-4f5a-b72a-1c13db017277", "isDeleted:":"true", "version":"1703556109204"}}
{"logTime": "1231/021718", "correlationVector":"uOQUK5Aj0GW9sRFhsa0y5S.23","action":"GetUpdates", "result":"DeleteReceived", "context":{"id":"d1db9f72-1b2b-4fb8-8ab9-9f87a04b0f30", "isDeleted:":"true", "version":"1703558614197"}}
{"logTime": "1231/021718", "correlationVector":"uOQUK5Aj0GW9sRFhsa0y5S.24","action":"GetUpdates", "result":"DeleteReceived", "context":{"id":"2d130282-2767-4a47-a402-6935e4ea2f76", "isDeleted:":"true", "version":"1703560481814"}}
{"logTime": "1231/021718", "correlationVector":"uOQUK5Aj0GW9sRFhsa0y5S.25","action":"GetUpdates", "result":"DeleteReceived", "context":{"id":"eb9d2a73-e4c9-42f4-96e0-e31a31c21e46", "isDeleted:":"true", "version":"1703560743583"}}
{"logTime": "1231/021718", "correlationVector":"uOQUK5Aj0GW9sRFhsa0y5S.26","action":"GetUpdates", "result":"DeleteReceived", "context":{"id":"f0211993-31cc-4ec4-aa2a-dd71a0f7bffb", "isDeleted:":"true", "version":"1703560743584"}}
{"logTime": "1231/021718", "correlationVector":"uOQUK5Aj0GW9sRFhsa0y5S.27","action":"GetUpdates", "result":"DeleteReceived", "context":{"id":"59183e25-2739-4161-bcd5-ee6f0a956684", "isDeleted:":"true", "version":"1703560743585"}}
{"logTime": "1231/021718", "correlationVector":"uOQUK5Aj0GW9sRFhsa0y5S.28","action":"GetUpdates", "result":"DeleteReceived", "context":{"id":"e24ff3ee-0619-41dc-a192-26282ac9a40b", "isDeleted:":"true", "version":"1703561255256"}}
{"logTime": "1231/021718", "correlationVector":"uOQUK5Aj0GW9sRFhsa0y5S.29","action":"GetUpdates", "result":"DeleteReceived", "context":{"id":"575c6650-e01a-48ed-a0f4-3ff43be038a5", "isDeleted:":"true", "version":"1703561255257"}}
{"logTime": "1231/021718", "correlationVector":"uOQUK5Aj0GW9sRFhsa0y5S.30","action":"GetUpdates", "result":"DeleteReceived", "context":{"id":"32d0c3c2-2556-4c2e-bb2c-16ea08176e0b", "isDeleted:":"true", "version":"1703561365982"}}
{"logTime": "1231/021718", "correlationVector":"uOQUK5Aj0GW9sRFhsa0y5S.31","action":"GetUpdates", "result":"DeleteReceived", "context":{"id":"abf08eab-6448-4f6d-8729-a6811f1fcfa6", "isDeleted:":"true", "version":"1703562559039"}}
{"logTime": "1231/021718", "correlationVector":"uOQUK5Aj0GW9sRFhsa0y5S.32","action":"GetUpdates", "result":"DeleteReceived", "context":{"id":"c94155ec-6b50-419d-894e-807ae20730ac", "isDeleted:":"true", "version":"1703562866654"}}
{"logTime": "1231/021718", "correlationVector":"uOQUK5Aj0GW9sRFhsa0y5S.33","action":"GetUpdates", "result":"DeleteReceived", "context":{"id":"3aea7b5f-be56-472a-8953-40e772ee4c59", "isDeleted:":"true", "version":"1703563182517"}}
{"logTime": "1231/021718", "correlationVector":"uOQUK5Aj0GW9sRFhsa0y5S.34","action":"GetUpdates", "result":"DeleteReceived", "context":{"id":"7014f0a8-ebac-43fa-af2e-baf1394a116a", "isDeleted:":"true", "version":"1703564285681"}}
{"logTime": "1231/021718", "correlationVector":"uOQUK5Aj0GW9sRFhsa0y5S.35","action":"GetUpdates", "result":"DeleteReceived", "context":{"id":"f60bbc51-616e-4233-8f16-6d8b7e43f214", "isDeleted:":"true", "version":"1703564285682"}}
{"logTime": "1231/021718", "correlationVector":"uOQUK5Aj0GW9sRFhsa0y5S.36","action":"GetUpdates", "result":"DeleteReceived", "context":{"id":"fba28782-a253-469f-a84a-755e17401a71", "isDeleted:":"true", "version":"1703567285723"}}
{"logTime": "1231/021718", "correlationVector":"uOQUK5Aj0GW9sRFhsa0y5S.37","action":"GetUpdates", "result":"DeleteReceived", "context":{"id":"8f7197f9-36b6-48f6-8d54-508791150238", "isDeleted:":"true", "version":"1703591701530"}}
{"logTime": "1231/021718", "correlationVector":"uOQUK5Aj0GW9sRFhsa0y5S.38","action":"GetUpdates", "result":"DeleteReceived", "context":{"id":"34a9f8cf-0a12-4de1-8c64-20ef8424cafa", "isDeleted:":"true", "version":"1703709043820"}}
{"logTime": "1231/021718", "correlationVector":"uOQUK5Aj0GW9sRFhsa0y5S.39","action":"GetUpdates", "result":"DeleteReceived", "context":{"id":"a34293ff-9704-426e-9490-ac35e744b4c1", "isDeleted:":"true", "version":"1703725830519"}}
{"logTime": "1231/021718", "correlationVector":"uOQUK5Aj0GW9sRFhsa0y5S.40","action":"GetUpdates", "result":"DeleteReceived", "context":{"id":"9c854012-d5a6-4083-bf78-560b06a491c9", "isDeleted:":"true", "version":"1703728906465"}}
{"logTime": "1231/021718", "correlationVector":"uOQUK5Aj0GW9sRFhsa0y5S.41","action":"GetUpdates", "result":"DeleteReceived", "context":{"id":"99dbe02c-2086-41d2-a1d7-01ed6b565f57", "isDeleted:":"true", "version":"1703729616993"}}
{"logTime": "1231/021718", "correlationVector":"uOQUK5Aj0GW9sRFhsa0y5S.42","action":"GetUpdates", "result":"DeleteReceived", "context":{"id":"2d868422-9a1b-40f3-923a-18a30babf9a0", "isDeleted:":"true", "version":"1703729696069"}}
{"logTime": "1231/021718", "correlationVector":"uOQUK5Aj0GW9sRFhsa0y5S.43","action":"GetUpdates", "result":"DeleteReceived", "context":{"id":"d138a58b-6c18-4e40-81a2-af646b87d55b", "isDeleted:":"true", "version":"1703732599003"}}
{"logTime": "1231/021718", "correlationVector":"uOQUK5Aj0GW9sRFhsa0y5S.44","action":"GetUpdates", "result":"DeleteReceived", "context":{"id":"6c61b303-c2ce-45f2-bb1e-08c654dc53f4", "isDeleted:":"true", "version":"1703739828226"}}
{"logTime": "1231/021718", "correlationVector":"uOQUK5Aj0GW9sRFhsa0y5S.45","action":"GetUpdates", "result":"DeleteReceived", "context":{"id":"da71dfa0-ac8a-4fec-aac4-6c87da423eca", "isDeleted:":"true", "version":"1703790892081"}}
{"logTime": "1231/021718", "correlationVector":"uOQUK5Aj0GW9sRFhsa0y5S.46","action":"GetUpdates", "result":"DeleteReceived", "context":{"id":"23fc7f3a-aa8e-4a8b-a7c5-a97ceda745aa", "isDeleted:":"true", "version":"1703790923251"}}
{"logTime": "1231/021718", "correlationVector":"uOQUK5Aj0GW9sRFhsa0y5S.47","action":"GetUpdates", "result":"DeleteReceived", "context":{"id":"5104e735-a716-4c00-aaf2-06ea04dab663", "isDeleted:":"true", "version":"1703809137601"}}
{"logTime": "1231/021718", "correlationVector":"uOQUK5Aj0GW9sRFhsa0y5S.48","action":"GetUpdates", "result":"DeleteReceived", "context":{"id":"fd40c264-1738-4dd1-a0d4-e187f40218f1", "isDeleted:":"true", "version":"1703809137602"}}
{"logTime": "1231/021718", "correlationVector":"uOQUK5Aj0GW9sRFhsa0y5S.49","action":"GetUpdates", "result":"DeleteReceived", "context":{"id":"bc73c613-4ef3-46ec-ab25-a0a92738befd", "isDeleted:":"true", "version":"1703809137603"}}
{"logTime": "1231/021718", "correlationVector":"uOQUK5Aj0GW9sRFhsa0y5S.50","action":"GetUpdates", "result":"DeleteReceived", "context":{"id":"8f53a462-1696-4a46-a448-804813af33a4", "isDeleted:":"true", "version":"1703809137605"}}
{"logTime": "1231/021718", "correlationVector":"uOQUK5Aj0GW9sRFhsa0y5S.51","action":"GetUpdates", "result":"DeleteReceived", "context":{"id":"c4e96b72-4edb-4c8b-bbbe-54da3e7869f1", "isDeleted:":"true", "version":"1703809265738"}}
{"logTime": "1231/021718", "correlationVector":"uOQUK5Aj0GW9sRFhsa0y5S.52","action":"GetUpdates", "result":"DeleteReceived", "context":{"id":"d126a250-e377-40e4-8d81-07d62734f274", "isDeleted:":"true", "version":"1703809265739"}}
{"logTime": "1231/021718", "correlationVector":"uOQUK5Aj0GW9sRFhsa0y5S.53","action":"GetUpdates", "result":"DeleteReceived", "context":{"id":"0b275324-033d-4c28-bceb-f19b92ecce9c", "isDeleted:":"true", "version":"1703809305748"}}
{"logTime": "1231/021718", "correlationVector":"uOQUK5Aj0GW9sRFhsa0y5S.54","action":"GetUpdates", "result":"DeleteReceived", "context":{"id":"33938aae-013b-4d52-92cf-e33611319cd9", "isDeleted:":"true", "version":"1703810081334"}}
{"logTime": "1231/021718", "correlationVector":"uOQUK5Aj0GW9sRFhsa0y5S.55","action":"GetUpdates", "result":"DeleteReceived", "context":{"id":"d34f3e1e-d55e-4042-93ae-08602c96d92b", "isDeleted:":"true", "version":"1703810297727"}}
{"logTime": "1231/021718", "correlationVector":"uOQUK5Aj0GW9sRFhsa0y5S.56","action":"GetUpdates", "result":"DeleteReceived", "context":{"id":"2cfa9700-5e74-4797-bb86-1a4fcba8132b", "isDeleted:":"true", "version":"1703811127337"}}
{"logTime": "1231/021718", "correlationVector":"uOQUK5Aj0GW9sRFhsa0y5S.57","action":"GetUpdates", "result":"DeleteReceived", "context":{"id":"a42bbbec-be69-42e3-9b4e-a5ce1c214731", "isDeleted:":"true", "version":"1703812865470"}}
{"logTime": "1231/021718", "correlationVector":"uOQUK5Aj0GW9sRFhsa0y5S.58","action":"GetUpdates", "result":"DeleteReceived", "context":{"id":"d0dd46af-fe52-4c5b-a837-1f0b3114f517", "isDeleted:":"true", "version":"1703816716103"}}
{"logTime": "1231/021718", "correlationVector":"uOQUK5Aj0GW9sRFhsa0y5S.59","action":"GetUpdates", "result":"DeleteReceived", "context":{"id":"98a370bf-b3aa-40f2-ae78-4a654a4d4dc6", "isDeleted:":"true", "version":"1703816752188"}}
{"logTime": "1231/021718", "correlationVector":"uOQUK5Aj0GW9sRFhsa0y5S.60","action":"GetUpdates", "result":"DeleteReceived", "context":{"id":"919b15dc-5392-4f86-af4e-d6d01b864832", "isDeleted:":"true", "version":"1703903827593"}}
{"logTime": "1231/021718", "correlationVector":"uOQUK5Aj0GW9sRFhsa0y5S.61","action":"GetUpdates", "result":"DeleteReceived", "context":{"id":"ccaa22b4-0220-4bcd-931e-205b195420ca", "isDeleted:":"true", "version":"1703959165356"}}
{"logTime": "1231/021718", "correlationVector":"uOQUK5Aj0GW9sRFhsa0y5S.62","action":"GetUpdates", "result":"DeleteReceived", "context":{"id":"c4efed9e-06e2-45d9-a0ae-96282cff90b7", "isDeleted:":"true", "version":"1703959165358"}}
{"logTime": "1231/021718", "correlationVector":"uOQUK5Aj0GW9sRFhsa0y5S.63","action":"GetUpdates", "result":"DeleteReceived", "context":{"id":"9219f9ab-47c4-4ec0-916c-912d50d0c1b6", "isDeleted:":"true", "version":"1703960918049"}}
{"logTime": "1231/021718", "correlationVector":"uOQUK5Aj0GW9sRFhsa0y5S.64","action":"GetUpdates", "result":"DeleteReceived", "context":{"id":"20fe54af-6e45-4dcd-9391-bb1d4629fbb0", "isDeleted:":"true", "version":"1703961431116"}}
{"logTime": "1231/021718", "correlationVector":"uOQUK5Aj0GW9sRFhsa0y5S.65","action":"GetUpdates", "result":"DeleteReceived", "context":{"id":"40404e7c-2332-435d-b825-9c7b3bca4ccf", "isDeleted:":"true", "version":"1703961431117"}}
{"logTime": "1231/021718", "correlationVector":"uOQUK5Aj0GW9sRFhsa0y5S.66","action":"GetUpdates", "result":"DeleteReceived", "context":{"id":"7144490b-b149-4e84-985b-b2ca14fad33f", "isDeleted:":"true", "version":"1703961735827"}}
{"logTime": "1231/021718", "correlationVector":"uOQUK5Aj0GW9sRFhsa0y5S.67","action":"GetUpdates", "result":"DeleteReceived", "context":{"id":"2c7d001d-8581-4176-a4a7-aa55ed3b4061", "isDeleted:":"true", "version":"1703963844953"}}
{"logTime": "1231/021718", "correlationVector":"uOQUK5Aj0GW9sRFhsa0y5S.68","action":"GetUpdates", "result":"DeleteReceived", "context":{"id":"3b67ae33-ad17-4266-95df-20ce8015a331", "isDeleted:":"true", "version":"1703963877271"}}
{"logTime": "1231/021718", "correlationVector":"uOQUK5Aj0GW9sRFhsa0y5S.69","action":"GetUpdates", "result":"DeleteReceived", "context":{"id":"32b598e8-b64f-4fb0-9f82-0f7dfe7f339e", "isDeleted:":"true", "version":"1703964178819"}}
{"logTime": "1231/021718", "correlationVector":"uOQUK5Aj0GW9sRFhsa0y5S.70","action":"GetUpdates", "result":"DeleteReceived", "context":{"id":"8e9198d2-7d10-402b-ade8-f1a87e45a6c8", "isDeleted:":"true", "version":"1703964870185"}}
{"logTime": "1231/021718", "correlationVector":"uOQUK5Aj0GW9sRFhsa0y5S.71","action":"GetUpdates", "result":"DeleteReceived", "context":{"id":"90108694-a719-4b7e-89e5-7fe916ca5c8e", "isDeleted:":"true", "version":"1703965211863"}}
{"logTime": "1231/021718", "correlationVector":"uOQUK5Aj0GW9sRFhsa0y5S.72","action":"GetUpdates", "result":"DeleteReceived", "context":{"id":"4a1aa324-d5f7-44d4-a663-e1c5b13d2ee8", "isDeleted:":"true", "version":"1703965211866"}}
{"logTime": "1231/021718", "correlationVector":"uOQUK5Aj0GW9sRFhsa0y5S.73","action":"GetUpdates", "result":"DeleteReceived", "context":{"id":"c82b9ab8-8e4d-40b4-82cb-31992f095393", "isDeleted:":"true", "version":"1703965547556"}}
{"logTime": "1231/021719", "correlationVector":"uOQUK5Aj0GW9sRFhsa0y5S.74","action":"GetUpdates", "result":"DeleteReceived", "context":{"id":"91357606-0812-4a4e-8e12-bcbfe4d6f987", "isDeleted:":"true", "version":"1703965673287"}}
{"logTime": "1231/021719", "correlationVector":"uOQUK5Aj0GW9sRFhsa0y5S.75","action":"GetUpdates", "result":"DeleteReceived", "context":{"id":"3334ba73-7688-4fd4-87a5-653b0702de99", "isDeleted:":"true", "version":"1703965799759"}}
{"logTime": "1231/021719", "correlationVector":"uOQUK5Aj0GW9sRFhsa0y5S.76","action":"GetUpdates", "result":"DeleteReceived", "context":{"id":"f352f66b-e2ca-49c0-b179-03445caf30ce", "isDeleted:":"true", "version":"1703965886591"}}
{"logTime": "1231/021719", "correlationVector":"uOQUK5Aj0GW9sRFhsa0y5S.77","action":"GetUpdates", "result":"DeleteReceived", "context":{"id":"45e178a0-8422-4245-bc9a-334c98efe96f", "isDeleted:":"true", "version":"1703966393906"}}
{"logTime": "1231/021719", "correlationVector":"uOQUK5Aj0GW9sRFhsa0y5S.78","action":"GetUpdates", "result":"DeleteReceived", "context":{"id":"19d6659b-3e1f-4d68-9363-95715b018eaa", "isDeleted:":"true", "version":"1703966540425"}}
{"logTime": "1231/021719", "correlationVector":"uOQUK5Aj0GW9sRFhsa0y5S.79","action":"GetUpdates", "result":"DeleteReceived", "context":{"id":"4dca9460-93c6-4ce6-9089-6d65375ca38b", "isDeleted:":"true", "version":"1703966634231"}}
{"logTime": "1231/021719", "correlationVector":"uOQUK5Aj0GW9sRFhsa0y5S.80","action":"GetUpdates", "result":"DeleteReceived", "context":{"id":"dc11b764-7388-49f3-ad4f-de032c54a676", "isDeleted:":"true", "version":"1703966694408"}}
{"logTime": "1231/021719", "correlationVector":"uOQUK5Aj0GW9sRFhsa0y5S.81","action":"GetUpdates", "result":"DeleteReceived", "context":{"id":"f3c578db-8c5c-4fa5-a292-9898bfc19dd1", "isDeleted:":"true", "version":"1703966764567"}}
{"logTime": "1231/021719", "correlationVector":"uOQUK5Aj0GW9sRFhsa0y5S.82","action":"GetUpdates", "result":"DeleteReceived", "context":{"id":"5e06e758-6e23-4dbc-a072-e6a5ba219464", "isDeleted:":"true", "version":"1703967573579"}}
{"logTime": "1231/021719", "correlationVector":"uOQUK5Aj0GW9sRFhsa0y5S.83","action":"GetUpdates", "result":"DeleteReceived", "context":{"id":"dcd54b20-38b1-434f-bac9-62dc60c01d8a", "isDeleted:":"true", "version":"1703968667964"}}
{"logTime": "1231/021719", "correlationVector":"uOQUK5Aj0GW9sRFhsa0y5S.84","action":"GetUpdates", "result":"DeleteReceived", "context":{"id":"6defa4d9-caad-4db0-830f-e812ef2fa688", "isDeleted:":"true", "version":"1703968667966"}}
{"logTime": "1231/021719", "correlationVector":"uOQUK5Aj0GW9sRFhsa0y5S.85","action":"GetUpdates", "result":"DeleteReceived", "context":{"id":"86adec45-0277-4f91-9c77-98c0452a8b68", "isDeleted:":"true", "version":"1703984457168"}}
{"logTime": "1231/021719", "correlationVector":"uOQUK5Aj0GW9sRFhsa0y5S.86","action":"GetUpdates", "result":"DeleteReceived", "context":{"id":"b6aac441-8af1-4955-88fb-5c49baab1118", "isDeleted:":"true", "version":"1703985699815"}}
{"logTime": "1231/021719", "correlationVector":"uOQUK5Aj0GW9sRFhsa0y5S.87","action":"GetUpdates", "result":"DeleteReceived", "context":{"id":"25d7b537-810f-4e26-967b-0d5a70257b0b", "isDeleted:":"true", "version":"1703986874299"}}
{"logTime": "1231/021719", "correlationVector":"uOQUK5Aj0GW9sRFhsa0y5S.88","action":"GetUpdates", "result":"DeleteReceived", "context":{"id":"62920861-0447-453f-aa45-a26fc960effe", "isDeleted:":"true", "version":"1703986874302"}}
{"logTime": "1231/021719", "correlationVector":"uOQUK5Aj0GW9sRFhsa0y5S.89","action":"GetUpdates", "result":"DeleteReceived", "context":{"id":"6e790a2b-571b-4c43-83d8-047c399f72b5", "isDeleted:":"true", "version":"1703987540805"}}
{"logTime": "1231/021719", "correlationVector":"uOQUK5Aj0GW9sRFhsa0y5S.90","action":"GetUpdates", "result":"DeleteReceived", "context":{"id":"1edd9eef-e285-4d47-a216-1d68f2ced52b", "isDeleted:":"true", "version":"1703987925899"}}
{"logTime": "1231/021719", "correlationVector":"uOQUK5Aj0GW9sRFhsa0y5S.91","action":"GetUpdates", "result":"DeleteReceived", "context":{"id":"75ddbb89-0b18-4073-9cfb-7072fc46dc56", "isDeleted:":"true", "version":"1703988214456"}}
{"logTime": "1231/021719", "correlationVector":"uOQUK5Aj0GW9sRFhsa0y5S.92","action":"GetUpdates", "result":"DeleteReceived", "context":{"id":"2d3737af-b53d-4908-bc2e-3706dfecf5ce", "isDeleted:":"true", "version":"1703988214457"}}
{"logTime": "1231/021719", "correlationVector":"uOQUK5Aj0GW9sRFhsa0y5S.93","action":"GetUpdates", "result":"DeleteReceived", "context":{"id":"e9189329-c7e5-49d3-a0e6-fd6bc12a7e73", "isDeleted:":"true", "version":"1703988591116"}}
{"logTime": "1231/021719", "correlationVector":"uOQUK5Aj0GW9sRFhsa0y5S.94","action":"GetUpdates", "result":"DeleteReceived", "context":{"id":"d3766799-086b-4f78-8068-3a72784e9557", "isDeleted:":"true", "version":"1703988591117"}}
{"logTime": "1231/021719", "correlationVector":"uOQUK5Aj0GW9sRFhsa0y5S.95","action":"GetUpdates", "result":"DeleteReceived", "context":{"id":"e630cc8d-d663-46cd-a873-7b9b06694ba6", "isDeleted:":"true", "version":"1703988701909"}}
{"logTime": "1231/021719", "correlationVector":"uOQUK5Aj0GW9sRFhsa0y5S.96","action":"GetUpdates", "result":"DeleteReceived", "context":{"id":"5df6619e-1cf2-41bc-8af5-9eb33527b4c0", "isDeleted:":"true", "version":"1703989005276"}}
{"logTime": "1231/021719", "correlationVector":"uOQUK5Aj0GW9sRFhsa0y5S.97","action":"GetUpdates Response", "result":"SYNCER_OK", "context":Received 120 update(s). cV=uOQUK5Aj0GW9sRFhsa0y5S.0;server=GENERAL0100001P;cloudType=Consumer;environment=Prod_EastUS2_000e;migrationStage=NotStarted}
{"logTime": "1231/021719", "correlationVector":"br1E7Z/5vohyA7Krd7yebA","action":"Normal GetUpdate request", "result":"", "context":cV=br1E7Z/5vohyA7Krd7yebA
Nudged types: Bookmarks, Typed URLs, Sessions, Device Info, User Consents
Refresh requested types: Bookmarks, Preferences, Passwords, Autofill Profiles, Autofill, Autofill Custom Data, Typed URLs, Extensions, Sessions, Extension settings, History Delete Directives, Device Info, User Consents, Send Tab To Self, Web Apps, Collection, Edge E Drop, Edge Hub App Usage, Edge Wallet, Encryption Keys}
{"logTime": "1231/021719", "correlationVector":"br1E7Z/5vohyA7Krd7yebA.1","action":"SyncServerConnectionManagerRequest", "result":"SYNC_SERVER_OK", "context":{"environment":"Prod_EastUS2_000e", "migrationStage":"NotStarted", "server":"GENERAL01000019"}}
{"logTime": "1231/021719", "correlationVector":"br1E7Z/5vohyA7Krd7yebA.2","action":"GetUpdates Response", "result":"SYNCER_OK", "context":Received 0 update(s). cV=br1E7Z/5vohyA7Krd7yebA.0;server=GENERAL01000019;cloudType=Consumer;environment=Prod_EastUS2_000e;migrationStage=NotStarted}
{"logTime": "1231/021719", "correlationVector":"XvNQBer2O3t8rxmIrUzvVF","action":"Commit Request", "result":"", "context":Item count: 1
Contributing types: Device Info}
{"logTime": "1231/021719", "correlationVector":"XvNQBer2O3t8rxmIrUzvVF.1","action":"SyncServerConnectionManagerRequest", "result":"SYNC_SERVER_OK", "context":{"environment":"Prod_EastUS2_000e", "migrationStage":"NotStarted", "server":"GENERAL0100001Y"}}
{"logTime": "1231/021719", "correlationVector":"XvNQBer2O3t8rxmIrUzvVF.2","action":"Commit Response", "result":"SYNCER_OK", "context":Result: SYNCER_OK. cV=XvNQBer2O3t8rxmIrUzvVF.0;server=GENERAL0100001Y;cloudType=Consumer;environment=Prod_EastUS2_000e;migrationStage=NotStarted}
{"logTime": "1231/021719", "correlationVector":"6jDxTdbSLQnFTkgWD7UPmm","action":"Commit Request", "result":"", "context":Item count: 18
Contributing types: Bookmarks, Typed URLs, Sessions, User Consents}
{"logTime": "1231/021719", "correlationVector":"6jDxTdbSLQnFTkgWD7UPmm.1","action":"SyncServerConnectionManagerRequest", "result":"SYNC_SERVER_OK", "context":{"environment":"Prod_EastUS2_000e", "migrationStage":"NotStarted", "server":"GENERAL01000011"}}
{"logTime": "1231/021719", "correlationVector":"6jDxTdbSLQnFTkgWD7UPmm.2","action":"Commit Response", "result":"SYNCER_OK", "context":Result: SYNCER_OK. cV=6jDxTdbSLQnFTkgWD7UPmm.0;server=GENERAL01000011;cloudType=Consumer;environment=Prod_EastUS2_000e;migrationStage=NotStarted}
{"logTime": "1231/021720", "correlationVector":"PTyMrX/dLswkH/N4rq/KKf","action":"Commit Request", "result":"", "context":Item count: 2
Contributing types: Sessions, Edge Hub App Usage}
{"logTime": "1231/021720", "correlationVector":"PTyMrX/dLswkH/N4rq/KKf.1","action":"SyncServerConnectionManagerRequest", "result":"SYNC_SERVER_OK", "context":{"environment":"Prod_EastUS2_000e", "migrationStage":"NotStarted", "server":"GENERAL0100001K"}}
{"logTime": "1231/021720", "correlationVector":"PTyMrX/dLswkH/N4rq/KKf.2","action":"Commit Response", "result":"SYNCER_OK", "context":Result: SYNCER_OK. cV=PTyMrX/dLswkH/N4rq/KKf.0;server=GENERAL0100001K;cloudType=Consumer;environment=Prod_EastUS2_000e;migrationStage=NotStarted}
{"logTime": "1231/021942", "correlationVector":"GajegQlFyiJOJZnnWXq/Na.1","action":"SyncServerConnectionManagerRequest", "result":"SYNC_SERVER_OK", "context":{"environment":"Prod_EastUS2_000e", "migrationStage":"NotStarted", "server":"GENERAL0100002M"}}
{"logTime": "1231/021942", "correlationVector":"GajegQlFyiJOJZnnWXq/Na","action":"Initial GetUpdates", "result":"", "context":Reason: NEW_CLIENT. cV=GajegQlFyiJOJZnnWXq/Na}
{"logTime": "1231/021942", "correlationVector":"GajegQlFyiJOJZnnWXq/Na.2","action":"GetUpdates Response", "result":"SYNCER_OK", "context":Received 1 update(s). cV=GajegQlFyiJOJZnnWXq/Na.0;server=GENERAL0100002M;cloudType=Consumer;environment=Prod_EastUS2_000e;migrationStage=NotStarted}
{"logTime": "1231/021942", "correlationVector":"QWkbuLkoQFpVEoRPeOy/yB","action":"SyncServerConnectionManagerRequest", "result":"SYNC_SERVER_OK", "context":{"environment":"", "migrationStage":"", "server":""}}
{"logTime": "1231/021942", "correlationVector":"/Lo/vA2TqgM4nPAuFLIe06","action":"Initial GetUpdates", "result":"", "context":Reason: NEWLY_SUPPORTED_DATATYPE. cV=/Lo/vA2TqgM4nPAuFLIe06}
{"logTime": "1231/021942", "correlationVector":"/Lo/vA2TqgM4nPAuFLIe06.1","action":"SyncServerConnectionManagerRequest", "result":"SYNC_SERVER_OK", "context":{"environment":"Prod_EastUS2_000e", "migrationStage":"NotStarted", "server":"GENERAL0100002V"}}
{"logTime": "1231/021942", "correlationVector":"/Lo/vA2TqgM4nPAuFLIe06.2","action":"GetUpdates Response", "result":"SYNCER_OK", "context":Received 18 update(s). cV=/Lo/vA2TqgM4nPAuFLIe06.0;server=GENERAL0100002V;cloudType=Consumer;environment=Prod_EastUS2_000e;migrationStage=NotStarted}
{"logTime": "1231/021942", "correlationVector":"WnMpMeLTQ+k0Z2mfzwNfjo","action":"Normal GetUpdate request", "result":"", "context":cV=WnMpMeLTQ+k0Z2mfzwNfjo
Nudged types: Sessions
Refresh requested types: Bookmarks, Preferences, Passwords, Autofill Profiles, Autofill, Autofill Custom Data, Typed URLs, Extensions, Sessions, Extension settings, History Delete Directives, Device Info, User Consents, Send Tab To Self, Web Apps, Collection, Edge E Drop, Edge Hub App Usage, Edge Wallet, Encryption Keys}
{"logTime": "1231/021942", "correlationVector":"WnMpMeLTQ+k0Z2mfzwNfjo.1","action":"SyncServerConnectionManagerRequest", "result":"SYNC_SERVER_OK", "context":{"environment":"Prod_EastUS2_000e", "migrationStage":"NotStarted", "server":"GENERAL01000002"}}
{"logTime": "1231/021942", "correlationVector":"WnMpMeLTQ+k0Z2mfzwNfjo.2","action":"GetUpdates Response", "result":"SYNCER_OK", "context":Received 21 update(s). cV=WnMpMeLTQ+k0Z2mfzwNfjo.0;server=GENERAL01000002;cloudType=Consumer;environment=Prod_EastUS2_000e;migrationStage=NotStarted}
{"logTime": "1231/021942", "correlationVector":"ORGEB/pTV7O2ZmS2mwIL3P","action":"Commit Request", "result":"", "context":Item count: 3
Contributing types: Sessions}
{"logTime": "1231/021942", "correlationVector":"ORGEB/pTV7O2ZmS2mwIL3P.1","action":"SyncServerConnectionManagerRequest", "result":"SYNC_SERVER_OK", "context":{"environment":"Prod_EastUS2_000e", "migrationStage":"NotStarted", "server":"GENERAL0100000U"}}
{"logTime": "1231/021942", "correlationVector":"ORGEB/pTV7O2ZmS2mwIL3P.3","action":"Commit.Sessions", "result":"Success", "context":{"id":"e8c23013-700c-459a-beb3-558eeb746bb7", "isDeleted":"true", "size":"0", "version":"1703989052050"}}
{"logTime": "1231/021942", "correlationVector":"ORGEB/pTV7O2ZmS2mwIL3P.2","action":"Commit Response", "result":"SYNCER_OK", "context":Result: SYNCER_OK. cV=ORGEB/pTV7O2ZmS2mwIL3P.0;server=GENERAL0100000U;cloudType=Consumer;environment=Prod_EastUS2_000e;migrationStage=NotStarted}
{"logTime": "1231/021959", "correlationVector":"ZpkTRyERqnXQ/1nctx8jJo","action":"Normal GetUpdate request", "result":"", "context":cV=ZpkTRyERqnXQ/1nctx8jJo
Nudged types: Sessions}
{"logTime": "1231/022000", "correlationVector":"ZpkTRyERqnXQ/1nctx8jJo.1","action":"SyncServerConnectionManagerRequest", "result":"SYNC_SERVER_OK", "context":{"environment":"Prod_EastUS2_000e", "migrationStage":"NotStarted", "server":"GENERAL0100002R"}}
{"logTime": "1231/022000", "correlationVector":"ZpkTRyERqnXQ/1nctx8jJo.2","action":"GetUpdates", "result":"DeleteReceived", "context":{"id":"e8c23013-700c-459a-beb3-558eeb746bb7", "isDeleted:":"true", "version":"1703989180968"}}
{"logTime": "1231/022000", "correlationVector":"ZpkTRyERqnXQ/1nctx8jJo.3","action":"GetUpdates", "result":"DeleteReceived", "context":{"id":"119df2d6-c87c-49f3-baa4-bd799f45ea74", "isDeleted:":"true", "version":"1703989192851"}}
{"logTime": "1231/022000", "correlationVector":"ZpkTRyERqnXQ/1nctx8jJo.4","action":"GetUpdates Response", "result":"SYNCER_OK", "context":Received 7 update(s). cV=ZpkTRyERqnXQ/1nctx8jJo.0;server=GENERAL0100002R;cloudType=Consumer;environment=Prod_EastUS2_000e;migrationStage=NotStarted}
